SET timezone TO 'Etc/UTC';
CREATE SERVER wikidata
FOREIGN DATA WRAPPER rdf_fdw 
OPTIONS (
  endpoint 'https://query.wikidata.org/sparql');
CREATE FOREIGN TABLE rdbms (
  p rdfnode OPTIONS (variable '?p'),
  o rdfnode OPTIONS (variable '?o')
)
SERVER wikidata OPTIONS (
  log_sparql 'true',
  sparql 'SELECT * {wd:Q192490 ?p ?o}');
/* SPARQL 17.4.1.7 - RDFterm-equal */
SELECT p, o FROM rdbms
WHERE 
  p = sparql.iri('http://www.w3.org/2000/01/rdf-schema#label') AND
  o = '"PostgreSQL"@de';
INFO:  SPARQL query sent to 'wikidata':

SELECT ?p ?o 
{wd:Q192490 ?p ?o
 ## rdf_fdw pushdown conditions ##
 FILTER(?p = <http://www.w3.org/2000/01/rdf-schema#label>)
 FILTER(?o = "PostgreSQL"@de)
}

INFO:  SPARQL returned 1 record.

                      p                       |        o        
----------------------------------------------+-----------------
 <http://www.w3.org/2000/01/rdf-schema#label> | "PostgreSQL"@de
(1 row)

/* SPARQL 17.4.1.9 - IN */
SELECT p, o FROM rdbms
WHERE
  p = sparql.iri('http://www.w3.org/2000/01/rdf-schema#label') AND
  o IN ('"PostgreSQL"@de', 
        '"PostgreSQL"@es',
		'"PostgreSQL"@fr');
INFO:  SPARQL query sent to 'wikidata':

SELECT ?p ?o 
{wd:Q192490 ?p ?o
 ## rdf_fdw pushdown conditions ##
 FILTER(?p = <http://www.w3.org/2000/01/rdf-schema#label>)
 FILTER(?o IN ("PostgreSQL"@de, "PostgreSQL"@es, "PostgreSQL"@fr))
}

INFO:  SPARQL returned 3 records.

                      p                       |        o        
----------------------------------------------+-----------------
 <http://www.w3.org/2000/01/rdf-schema#label> | "PostgreSQL"@de
 <http://www.w3.org/2000/01/rdf-schema#label> | "PostgreSQL"@es
 <http://www.w3.org/2000/01/rdf-schema#label> | "PostgreSQL"@fr
(3 rows)

/* SPARQL 17.4.1.10 - NOT IN*/
SELECT p, o FROM rdbms
WHERE
  p = sparql.iri('http://www.w3.org/2000/01/rdf-schema#label') AND
  o NOT IN ('"PostgreSQL"@de', 
            '"PostgreSQL"@es',
		    '"PostgreSQL"@fr')
LIMIT 5;
INFO:  SPARQL query sent to 'wikidata':

SELECT ?p ?o 
{wd:Q192490 ?p ?o
 ## rdf_fdw pushdown conditions ##
 FILTER(?p = <http://www.w3.org/2000/01/rdf-schema#label>)
 FILTER(?o NOT IN ("PostgreSQL"@de, "PostgreSQL"@es, "PostgreSQL"@fr))
}
LIMIT 5

INFO:  SPARQL returned 5 records.

                      p                       |           o            
----------------------------------------------+------------------------
 <http://www.w3.org/2000/01/rdf-schema#label> | "PostgreSQL"@cs
 <http://www.w3.org/2000/01/rdf-schema#label> | "PostgreSQL"@en
 <http://www.w3.org/2000/01/rdf-schema#label> | "PostgreSQL"@af
 <http://www.w3.org/2000/01/rdf-schema#label> | "بوستجري إس كيو إل"@ar
 <http://www.w3.org/2000/01/rdf-schema#label> | "PostgreSQL"@az
(5 rows)

/* SPARQL 15.5 - LIMIT */
SELECT p, o FROM rdbms
WHERE p = sparql.iri('http://www.w3.org/2000/01/rdf-schema#label')
LIMIT 5;
INFO:  SPARQL query sent to 'wikidata':

SELECT ?p ?o 
{wd:Q192490 ?p ?o
 ## rdf_fdw pushdown conditions ##
 FILTER(?p = <http://www.w3.org/2000/01/rdf-schema#label>)
}
LIMIT 5

INFO:  SPARQL returned 5 records.

                      p                       |           o            
----------------------------------------------+------------------------
 <http://www.w3.org/2000/01/rdf-schema#label> | "PostgreSQL"@cs
 <http://www.w3.org/2000/01/rdf-schema#label> | "PostgreSQL"@en
 <http://www.w3.org/2000/01/rdf-schema#label> | "PostgreSQL"@af
 <http://www.w3.org/2000/01/rdf-schema#label> | "بوستجري إس كيو إل"@ar
 <http://www.w3.org/2000/01/rdf-schema#label> | "PostgreSQL"@az
(5 rows)

SELECT p, o FROM rdbms
WHERE p = sparql.iri('http://www.w3.org/2000/01/rdf-schema#label')
FETCH FIRST 5 ROWS ONLY;
INFO:  SPARQL query sent to 'wikidata':

SELECT ?p ?o 
{wd:Q192490 ?p ?o
 ## rdf_fdw pushdown conditions ##
 FILTER(?p = <http://www.w3.org/2000/01/rdf-schema#label>)
}
LIMIT 5

INFO:  SPARQL returned 5 records.

                      p                       |           o            
----------------------------------------------+------------------------
 <http://www.w3.org/2000/01/rdf-schema#label> | "PostgreSQL"@cs
 <http://www.w3.org/2000/01/rdf-schema#label> | "PostgreSQL"@en
 <http://www.w3.org/2000/01/rdf-schema#label> | "PostgreSQL"@af
 <http://www.w3.org/2000/01/rdf-schema#label> | "بوستجري إس كيو إل"@ar
 <http://www.w3.org/2000/01/rdf-schema#label> | "PostgreSQL"@az
(5 rows)

/* SPARQL 15.4 - OFFSET */
SELECT p, o FROM rdbms
WHERE p = sparql.iri('http://www.w3.org/2000/01/rdf-schema#label')
OFFSET 5 ROWS
FETCH FIRST 10 ROWS ONLY;
INFO:  SPARQL query sent to 'wikidata':

SELECT ?p ?o 
{wd:Q192490 ?p ?o
 ## rdf_fdw pushdown conditions ##
 FILTER(?p = <http://www.w3.org/2000/01/rdf-schema#label>)
}
LIMIT 15

INFO:  SPARQL returned 15 records.

                      p                       |          o          
----------------------------------------------+---------------------
 <http://www.w3.org/2000/01/rdf-schema#label> | "PostgreSQL"@bg
 <http://www.w3.org/2000/01/rdf-schema#label> | "পোস্টগ্রেএসকিউএল"@bn
 <http://www.w3.org/2000/01/rdf-schema#label> | "PostgreSQL"@ca
 <http://www.w3.org/2000/01/rdf-schema#label> | "PostgreSQL"@da
 <http://www.w3.org/2000/01/rdf-schema#label> | "PostgreSQL"@de
 <http://www.w3.org/2000/01/rdf-schema#label> | "PostgreSQL"@el
 <http://www.w3.org/2000/01/rdf-schema#label> | "PostgreSQL"@eo
 <http://www.w3.org/2000/01/rdf-schema#label> | "PostgreSQL"@es
 <http://www.w3.org/2000/01/rdf-schema#label> | "PostgreSQL"@et
 <http://www.w3.org/2000/01/rdf-schema#label> | "PostgreSQL"@eu
(10 rows)

SELECT p, o FROM rdbms
WHERE p = sparql.iri('http://www.w3.org/2000/01/rdf-schema#label')
OFFSET 5 ROWS
LIMIT 10;
INFO:  SPARQL query sent to 'wikidata':

SELECT ?p ?o 
{wd:Q192490 ?p ?o
 ## rdf_fdw pushdown conditions ##
 FILTER(?p = <http://www.w3.org/2000/01/rdf-schema#label>)
}
LIMIT 15

INFO:  SPARQL returned 15 records.

                      p                       |          o          
----------------------------------------------+---------------------
 <http://www.w3.org/2000/01/rdf-schema#label> | "PostgreSQL"@bg
 <http://www.w3.org/2000/01/rdf-schema#label> | "পোস্টগ্রেএসকিউএল"@bn
 <http://www.w3.org/2000/01/rdf-schema#label> | "PostgreSQL"@ca
 <http://www.w3.org/2000/01/rdf-schema#label> | "PostgreSQL"@da
 <http://www.w3.org/2000/01/rdf-schema#label> | "PostgreSQL"@de
 <http://www.w3.org/2000/01/rdf-schema#label> | "PostgreSQL"@el
 <http://www.w3.org/2000/01/rdf-schema#label> | "PostgreSQL"@eo
 <http://www.w3.org/2000/01/rdf-schema#label> | "PostgreSQL"@es
 <http://www.w3.org/2000/01/rdf-schema#label> | "PostgreSQL"@et
 <http://www.w3.org/2000/01/rdf-schema#label> | "PostgreSQL"@eu
(10 rows)

/* SPARQL 15.1 - ORDER BY */
SELECT p FROM rdbms
WHERE p = sparql.iri('http://www.w3.org/2000/01/rdf-schema#label')
ORDER BY p DESC
LIMIT 3;
INFO:  SPARQL query sent to 'wikidata':

SELECT ?p 
{wd:Q192490 ?p ?o
 ## rdf_fdw pushdown conditions ##
 FILTER(?p = <http://www.w3.org/2000/01/rdf-schema#label>)
}
ORDER BY  DESC (?p)
LIMIT 3

INFO:  SPARQL returned 3 records.

                      p                       
----------------------------------------------
 <http://www.w3.org/2000/01/rdf-schema#label>
 <http://www.w3.org/2000/01/rdf-schema#label>
 <http://www.w3.org/2000/01/rdf-schema#label>
(3 rows)

SELECT p FROM rdbms
WHERE p = sparql.iri('http://www.w3.org/2000/01/rdf-schema#label')
ORDER BY p ASC
LIMIT 3;
INFO:  SPARQL query sent to 'wikidata':

SELECT ?p 
{wd:Q192490 ?p ?o
 ## rdf_fdw pushdown conditions ##
 FILTER(?p = <http://www.w3.org/2000/01/rdf-schema#label>)
}
ORDER BY  ASC (?p)
LIMIT 3

INFO:  SPARQL returned 3 records.

                      p                       
----------------------------------------------
 <http://www.w3.org/2000/01/rdf-schema#label>
 <http://www.w3.org/2000/01/rdf-schema#label>
 <http://www.w3.org/2000/01/rdf-schema#label>
(3 rows)

SELECT p, o FROM rdbms
WHERE p = sparql.iri('http://www.w3.org/2000/01/rdf-schema#label')
ORDER BY p DESC, o ASC
LIMIT 3;
INFO:  SPARQL query sent to 'wikidata':

SELECT ?p ?o 
{wd:Q192490 ?p ?o
 ## rdf_fdw pushdown conditions ##
 FILTER(?p = <http://www.w3.org/2000/01/rdf-schema#label>)
}
ORDER BY  DESC (?p)  ASC (?o)
LIMIT 3

INFO:  SPARQL returned 3 records.

                      p                       |           o            
----------------------------------------------+------------------------
 <http://www.w3.org/2000/01/rdf-schema#label> | "PostgreSQL"@af
 <http://www.w3.org/2000/01/rdf-schema#label> | "PostgreSQL"@az
 <http://www.w3.org/2000/01/rdf-schema#label> | "بوستجري إس كيو إل"@ar
(3 rows)

SELECT p, o FROM rdbms
WHERE p = sparql.iri('http://www.w3.org/2000/01/rdf-schema#label')
ORDER BY p DESC, o ASC
OFFSET 5
LIMIT 2;
INFO:  SPARQL query sent to 'wikidata':

SELECT ?p ?o 
{wd:Q192490 ?p ?o
 ## rdf_fdw pushdown conditions ##
 FILTER(?p = <http://www.w3.org/2000/01/rdf-schema#label>)
}
ORDER BY  DESC (?p)  ASC (?o)
LIMIT 7

INFO:  SPARQL returned 7 records.

                      p                       |           o            
----------------------------------------------+------------------------
 <http://www.w3.org/2000/01/rdf-schema#label> | "بوستجري إس كيو إل"@ar
 <http://www.w3.org/2000/01/rdf-schema#label> | "পোস্টগ্রেএসকিউএল"@bn
(2 rows)

SELECT p, o FROM rdbms
WHERE p = sparql.iri('http://www.w3.org/2000/01/rdf-schema#label')
ORDER BY 1 DESC, 2 ASC
OFFSET 5
LIMIT 10;
INFO:  SPARQL query sent to 'wikidata':

SELECT ?p ?o 
{wd:Q192490 ?p ?o
 ## rdf_fdw pushdown conditions ##
 FILTER(?p = <http://www.w3.org/2000/01/rdf-schema#label>)
}
ORDER BY  DESC (?p)  ASC (?o)
LIMIT 15

INFO:  SPARQL returned 15 records.

                      p                       |           o            
----------------------------------------------+------------------------
 <http://www.w3.org/2000/01/rdf-schema#label> | "PostgreSQL"@da
 <http://www.w3.org/2000/01/rdf-schema#label> | "PostgreSQL"@de
 <http://www.w3.org/2000/01/rdf-schema#label> | "PostgreSQL"@el
 <http://www.w3.org/2000/01/rdf-schema#label> | "PostgreSQL"@en
 <http://www.w3.org/2000/01/rdf-schema#label> | "PostgreSQL"@eo
 <http://www.w3.org/2000/01/rdf-schema#label> | "PostgreSQL"@es
 <http://www.w3.org/2000/01/rdf-schema#label> | "PostgreSQL"@et
 <http://www.w3.org/2000/01/rdf-schema#label> | "PostgreSQL"@eu
 <http://www.w3.org/2000/01/rdf-schema#label> | "بوستجري إس كيو إل"@ar
 <http://www.w3.org/2000/01/rdf-schema#label> | "পোস্টগ্রেএসকিউএল"@bn
(10 rows)

/* SPARQL 18.2.5.3 - DISTINCT */
SELECT DISTINCT p FROM rdbms
WHERE p = '<http://www.w3.org/2000/01/rdf-schema#label>';
INFO:  SPARQL query sent to 'wikidata':

SELECT DISTINCT ?p 
{wd:Q192490 ?p ?o
 ## rdf_fdw pushdown conditions ##
 FILTER(?p = <http://www.w3.org/2000/01/rdf-schema#label>)
}
ORDER BY  ASC (?p)

INFO:  SPARQL returned 1 record.

                      p                       
----------------------------------------------
 <http://www.w3.org/2000/01/rdf-schema#label>
(1 row)

-- DISTINCT ON is not supported, therefore it won't be pushed down.
SELECT DISTINCT ON (p) p,o FROM rdbms
WHERE p = '<http://www.w3.org/2000/01/rdf-schema#label>';
INFO:  SPARQL query sent to 'wikidata':

SELECT ?p ?o 
{wd:Q192490 ?p ?o
 ## rdf_fdw pushdown conditions ##
 FILTER(?p = <http://www.w3.org/2000/01/rdf-schema#label>)
}
ORDER BY  ASC (?p)

INFO:  SPARQL returned 58 records.

                      p                       |        o        
----------------------------------------------+-----------------
 <http://www.w3.org/2000/01/rdf-schema#label> | "PostgreSQL"@cs
(1 row)

/* SPARQL - 17.3 Operator Mapping (text) */
SELECT p, o FROM rdbms
WHERE 
  p = '<http://www.w3.org/2000/01/rdf-schema#label>' AND
  p <> '<foo.bar>' AND
  sparql.str(o) >= '"Postgre"' AND
  sparql.str(o) <= '"PostgreSQL Europe"' AND
  sparql.str(o) BETWEEN '"Postgre"' AND '"PostgreSQL Europe"'
LIMIT 3;
INFO:  SPARQL query sent to 'wikidata':

SELECT ?p ?o 
{wd:Q192490 ?p ?o
 ## rdf_fdw pushdown conditions ##
 FILTER(?p = <http://www.w3.org/2000/01/rdf-schema#label>)
 FILTER(?p != <foo.bar>)
 FILTER(STR(?o) >= "Postgre")
 FILTER(STR(?o) <= "PostgreSQL Europe")
 FILTER(STR(?o) >= "Postgre")
 FILTER(STR(?o) <= "PostgreSQL Europe")
}
LIMIT 3

INFO:  SPARQL returned 3 records.

                      p                       |        o        
----------------------------------------------+-----------------
 <http://www.w3.org/2000/01/rdf-schema#label> | "PostgreSQL"@cs
 <http://www.w3.org/2000/01/rdf-schema#label> | "PostgreSQL"@en
 <http://www.w3.org/2000/01/rdf-schema#label> | "PostgreSQL"@af
(3 rows)

/* SPARQL - 17.3 Operator Mapping (rdfnode) */
SELECT p, o FROM rdbms
WHERE 
  p = '<http://www.w3.org/2000/01/rdf-schema#label>'::rdfnode AND
  p <> '<foo.bar>'::rdfnode AND
  sparql.str(o) >= 'Postgre'::rdfnode AND
  sparql.str(o) <= '"PostgreSQL Europe"'::rdfnode AND
  sparql.str(o) BETWEEN 'Postgre'::rdfnode AND '"PostgreSQL Europe"'::rdfnode
LIMIT 3;
INFO:  SPARQL query sent to 'wikidata':

SELECT ?p ?o 
{wd:Q192490 ?p ?o
 ## rdf_fdw pushdown conditions ##
 FILTER(?p = <http://www.w3.org/2000/01/rdf-schema#label>)
 FILTER(?p != <foo.bar>)
 FILTER(STR(?o) >= "Postgre")
 FILTER(STR(?o) <= "PostgreSQL Europe")
 FILTER(STR(?o) >= "Postgre")
 FILTER(STR(?o) <= "PostgreSQL Europe")
}
LIMIT 3

INFO:  SPARQL returned 3 records.

                      p                       |        o        
----------------------------------------------+-----------------
 <http://www.w3.org/2000/01/rdf-schema#label> | "PostgreSQL"@cs
 <http://www.w3.org/2000/01/rdf-schema#label> | "PostgreSQL"@en
 <http://www.w3.org/2000/01/rdf-schema#label> | "PostgreSQL"@af
(3 rows)

/* SPARQL - 17.3 Operator Mapping (smallint) */
SELECT p, o FROM rdbms
WHERE 
  p = '<http://www.wikidata.org/prop/direct/P8687>'::rdfnode AND
  o = 31360::smallint AND
  o <> 10000::smallint AND
  o >= 31360::smallint AND
  o <= 31360::smallint AND
  o BETWEEN 31000 AND 31999 AND
  31360::smallint = o AND
  10000::smallint <> o AND
  31360::smallint >= o AND
  31360::smallint <= o;
INFO:  SPARQL query sent to 'wikidata':

SELECT ?p ?o 
{wd:Q192490 ?p ?o
 ## rdf_fdw pushdown conditions ##
 FILTER(?p = <http://www.wikidata.org/prop/direct/P8687>)
 FILTER(?o = 31360)
 FILTER(?o != 10000)
 FILTER(?o >= 31360)
 FILTER(?o <= 31360)
 FILTER(?o >= 31000)
 FILTER(?o <= 31999)
 FILTER(31360 = ?o)
 FILTER(10000 != ?o)
 FILTER(31360 >= ?o)
 FILTER(31360 <= ?o)
}

INFO:  SPARQL returned 1 record.

                      p                      |                          o                          
---------------------------------------------+-----------------------------------------------------
 <http://www.wikidata.org/prop/direct/P8687> | "31360"^^<http://www.w3.org/2001/XMLSchema#decimal>
(1 row)

/* SPARQL - 17.3 Operator Mapping (int) */
SELECT p, o FROM rdbms
WHERE 
  p = '<http://www.wikidata.org/prop/direct/P8687>'::rdfnode AND
  o = 31360::int AND
  o <> 10000::int AND
  o >= 31360::int AND
  o <= 31360::int AND
  o BETWEEN 31000 AND 31999 AND
  31360::int = o AND
  10000::int <> o AND
  31360::int >= o AND
  31360::int <= o;
INFO:  SPARQL query sent to 'wikidata':

SELECT ?p ?o 
{wd:Q192490 ?p ?o
 ## rdf_fdw pushdown conditions ##
 FILTER(?p = <http://www.wikidata.org/prop/direct/P8687>)
 FILTER(?o = 31360)
 FILTER(?o != 10000)
 FILTER(?o >= 31360)
 FILTER(?o <= 31360)
 FILTER(?o >= 31000)
 FILTER(?o <= 31999)
 FILTER(31360 = ?o)
 FILTER(10000 != ?o)
 FILTER(31360 >= ?o)
 FILTER(31360 <= ?o)
}

INFO:  SPARQL returned 1 record.

                      p                      |                          o                          
---------------------------------------------+-----------------------------------------------------
 <http://www.wikidata.org/prop/direct/P8687> | "31360"^^<http://www.w3.org/2001/XMLSchema#decimal>
(1 row)

/* SPARQL - 17.3 Operator Mapping (bigint) */
SELECT p, o FROM rdbms
WHERE 
  p = '<http://schema.org/version>'::rdfnode AND
  o = 2429126274::bigint AND
  o <> 9999999999::bigint AND
  o >= 2429126274::bigint AND
  o <= 2429126274::bigint AND
  o BETWEEN 2346087000::bigint AND 9999999999::bigint AND
  2429126274::bigint = o AND
  9999999999::bigint <> o AND
  2429126274::bigint >= o AND
  2429126274::bigint <= o;
INFO:  SPARQL query sent to 'wikidata':

SELECT ?p ?o 
{wd:Q192490 ?p ?o
 ## rdf_fdw pushdown conditions ##
 FILTER(?p = <http://schema.org/version>)
 FILTER(?o = 2429126274)
 FILTER(?o != 9999999999)
 FILTER(?o >= 2429126274)
 FILTER(?o <= 2429126274)
 FILTER(?o >= 2346087000)
 FILTER(?o <= 9999999999)
 FILTER(2429126274 = ?o)
 FILTER(9999999999 != ?o)
 FILTER(2429126274 >= ?o)
 FILTER(2429126274 <= ?o)
}

INFO:  SPARQL returned 1 record.

              p              |                            o                             
-----------------------------+----------------------------------------------------------
 <http://schema.org/version> | "2429126274"^^<http://www.w3.org/2001/XMLSchema#integer>
(1 row)

/* SPARQL - 17.3 Operator Mapping (real) */
SELECT p, o FROM rdbms
WHERE 
  p = '<http://www.wikidata.org/prop/direct/P8687>'::rdfnode AND
  o = 31360.0::real AND
  o <> 10000::real AND
  o >= 31359.5::real AND
  o <= 31360.5::real AND
  o BETWEEN 31359.5::real AND 31360.5::real AND
  31360.0::real = o AND
  10000::real <> o AND
  31360.5::real >= o AND
  31359.5::real <= o;
INFO:  SPARQL query sent to 'wikidata':

SELECT ?p ?o 
{wd:Q192490 ?p ?o
 ## rdf_fdw pushdown conditions ##
 FILTER(?p = <http://www.wikidata.org/prop/direct/P8687>)
 FILTER(?o = 31360)
 FILTER(?o != 10000)
 FILTER(?o >= 31359.5)
 FILTER(?o <= 31360.5)
 FILTER(?o >= 31359.5)
 FILTER(?o <= 31360.5)
 FILTER(31360 = ?o)
 FILTER(10000 != ?o)
 FILTER(31360.5 >= ?o)
 FILTER(31359.5 <= ?o)
}

INFO:  SPARQL returned 1 record.

                      p                      |                          o                          
---------------------------------------------+-----------------------------------------------------
 <http://www.wikidata.org/prop/direct/P8687> | "31360"^^<http://www.w3.org/2001/XMLSchema#decimal>
(1 row)

/* SPARQL - 17.3 Operator Mapping (double precision) */
SELECT p, o FROM rdbms
WHERE 
  p = '<http://www.wikidata.org/prop/direct/P8687>'::rdfnode AND
  o = 31360.0::double precision AND
  o <> 10000.99::double precision AND
  o >= 31359.5::double precision AND
  o <= 31360.5::double precision AND
  o BETWEEN 31359.5::double precision AND 31360.5::double precision AND
  31360.0::double precision = o AND
  10000.99::double precision <> o AND
  31360.5::double precision >= o AND
  31359.5::double precision <= o;
INFO:  SPARQL query sent to 'wikidata':

SELECT ?p ?o 
{wd:Q192490 ?p ?o
 ## rdf_fdw pushdown conditions ##
 FILTER(?p = <http://www.wikidata.org/prop/direct/P8687>)
 FILTER(?o = 31360)
 FILTER(?o != 10000.99)
 FILTER(?o >= 31359.5)
 FILTER(?o <= 31360.5)
 FILTER(?o >= 31359.5)
 FILTER(?o <= 31360.5)
 FILTER(31360 = ?o)
 FILTER(10000.99 != ?o)
 FILTER(31360.5 >= ?o)
 FILTER(31359.5 <= ?o)
}

INFO:  SPARQL returned 1 record.

                      p                      |                          o                          
---------------------------------------------+-----------------------------------------------------
 <http://www.wikidata.org/prop/direct/P8687> | "31360"^^<http://www.w3.org/2001/XMLSchema#decimal>
(1 row)

/* SPARQL - 17.3 Operator Mapping (numeric) */
SELECT p, o FROM rdbms
WHERE 
  p = '<http://www.wikidata.org/prop/direct/P8687>'::rdfnode AND
  o = 31360.0::numeric AND
  o <> 10000.99::numeric AND
  o >= 31359.5::numeric AND
  o <= 31360.5::numeric AND
  o BETWEEN 31359.5::numeric AND 31360.5::numeric AND
  31360.0::numeric = o AND
  10000.99::numeric <> o AND
  31360.5::numeric >= o AND
  31359.5::numeric <= o;
INFO:  SPARQL query sent to 'wikidata':

SELECT ?p ?o 
{wd:Q192490 ?p ?o
 ## rdf_fdw pushdown conditions ##
 FILTER(?p = <http://www.wikidata.org/prop/direct/P8687>)
 FILTER(?o = 31360.0)
 FILTER(?o != 10000.99)
 FILTER(?o >= 31359.5)
 FILTER(?o <= 31360.5)
 FILTER(?o >= 31359.5)
 FILTER(?o <= 31360.5)
 FILTER(31360.0 = ?o)
 FILTER(10000.99 != ?o)
 FILTER(31360.5 >= ?o)
 FILTER(31359.5 <= ?o)
}

INFO:  SPARQL returned 1 record.

                      p                      |                          o                          
---------------------------------------------+-----------------------------------------------------
 <http://www.wikidata.org/prop/direct/P8687> | "31360"^^<http://www.w3.org/2001/XMLSchema#decimal>
(1 row)

/* SPARQL - 17.3 Operator Mapping (timestamp) */
SELECT p, o FROM rdbms
WHERE 
  p = '<http://www.wikidata.org/prop/direct/P571>'::rdfnode AND
  o = '1996-01-01 00:00:00'::timestamp AND
  o <> '2000-01-31 18:30:00'::timestamp AND
  o >= '1996-01-01 00:00:00'::timestamp AND
  o <= '1996-01-01 00:00:00'::timestamp AND
  o BETWEEN '1990-01-01 00:00:00'::timestamp AND '2000-01-01 00:00:00'::timestamp AND
  '1996-01-01 00:00:00'::timestamp = o AND
  '2000-01-31 18:30:00'::timestamp <> o AND
  '1996-01-01 00:00:00'::timestamp <= o AND
  '1996-01-01 00:00:00'::timestamp >= o;
INFO:  SPARQL query sent to 'wikidata':

SELECT ?p ?o 
{wd:Q192490 ?p ?o
 ## rdf_fdw pushdown conditions ##
 FILTER(?p = <http://www.wikidata.org/prop/direct/P571>)
 FILTER(?o != "2000-01-31T18:30:00"^^<http://www.w3.org/2001/XMLSchema#dateTime>)
 FILTER(?o >= "1996-01-01T00:00:00"^^<http://www.w3.org/2001/XMLSchema#dateTime>)
 FILTER(?o <= "1996-01-01T00:00:00"^^<http://www.w3.org/2001/XMLSchema#dateTime>)
 FILTER(?o >= "1990-01-01T00:00:00"^^<http://www.w3.org/2001/XMLSchema#dateTime>)
 FILTER(?o <= "2000-01-01T00:00:00"^^<http://www.w3.org/2001/XMLSchema#dateTime>)
 FILTER("2000-01-31T18:30:00"^^<http://www.w3.org/2001/XMLSchema#dateTime> != ?o)
 FILTER("1996-01-01T00:00:00"^^<http://www.w3.org/2001/XMLSchema#dateTime> <= ?o)
 FILTER("1996-01-01T00:00:00"^^<http://www.w3.org/2001/XMLSchema#dateTime> >= ?o)
 FILTER(?o = "1996-01-01T00:00:00"^^<http://www.w3.org/2001/XMLSchema#dateTime>)
}

INFO:  SPARQL returned 1 record.

                     p                      |                                  o                                  
--------------------------------------------+---------------------------------------------------------------------
 <http://www.wikidata.org/prop/direct/P571> | "1996-01-01T00:00:00Z"^^<http://www.w3.org/2001/XMLSchema#dateTime>
(1 row)

/* SPARQL - 17.3 Operator Mapping (timestamptz) */
SELECT p, o FROM rdbms
WHERE 
  p = '<http://www.wikidata.org/prop/direct/P571>'::rdfnode AND
  o = '1996-01-01 00:00:00'::timestamptz AND
  o <> '2000-01-31 18:30:00'::timestamptz AND
  o >= '1996-01-01 00:00:00'::timestamptz AND
  o <= '1996-01-01 00:00:00'::timestamptz AND
  o BETWEEN '1990-01-01 00:00:00'::timestamptz AND '2000-01-01 00:00:00'::timestamptz AND
  '1996-01-01 00:00:00'::timestamptz = o AND
  '2000-01-31 18:30:00'::timestamptz <> o AND
  '1996-01-01 00:00:00'::timestamptz <= o AND
  '1996-01-01 00:00:00'::timestamptz >= o;
INFO:  SPARQL query sent to 'wikidata':

SELECT ?p ?o 
{wd:Q192490 ?p ?o
 ## rdf_fdw pushdown conditions ##
 FILTER(?p = <http://www.wikidata.org/prop/direct/P571>)
 FILTER(?o != "2000-01-31T18:30:00.000000Z"^^<http://www.w3.org/2001/XMLSchema#dateTime>)
 FILTER(?o >= "1996-01-01T00:00:00.000000Z"^^<http://www.w3.org/2001/XMLSchema#dateTime>)
 FILTER(?o <= "1996-01-01T00:00:00.000000Z"^^<http://www.w3.org/2001/XMLSchema#dateTime>)
 FILTER(?o >= "1990-01-01T00:00:00.000000Z"^^<http://www.w3.org/2001/XMLSchema#dateTime>)
 FILTER(?o <= "2000-01-01T00:00:00.000000Z"^^<http://www.w3.org/2001/XMLSchema#dateTime>)
 FILTER("2000-01-31T18:30:00.000000Z"^^<http://www.w3.org/2001/XMLSchema#dateTime> != ?o)
 FILTER("1996-01-01T00:00:00.000000Z"^^<http://www.w3.org/2001/XMLSchema#dateTime> <= ?o)
 FILTER("1996-01-01T00:00:00.000000Z"^^<http://www.w3.org/2001/XMLSchema#dateTime> >= ?o)
 FILTER(?o = "1996-01-01T00:00:00.000000Z"^^<http://www.w3.org/2001/XMLSchema#dateTime>)
}

INFO:  SPARQL returned 1 record.

                     p                      |                                  o                                  
--------------------------------------------+---------------------------------------------------------------------
 <http://www.wikidata.org/prop/direct/P571> | "1996-01-01T00:00:00Z"^^<http://www.w3.org/2001/XMLSchema#dateTime>
(1 row)

/* SPARQL - 17.3 Operator Mapping (date) */
SELECT p, o FROM rdbms
WHERE 
  p = '<http://www.wikidata.org/prop/direct/P571>'::rdfnode AND
  sparql.strdt(sparql.substr(sparql.str(o), 1, 10),'xsd:date') = '1996-01-01'::date AND
  sparql.strdt(sparql.substr(sparql.str(o), 1, 10),'xsd:date') <> '2000-01-01'::date AND
  sparql.strdt(sparql.substr(sparql.str(o), 1, 10),'xsd:date') >= '1996-01-01'::date AND
  sparql.strdt(sparql.substr(sparql.str(o), 1, 10),'xsd:date') <= '1996-01-01'::date AND
  sparql.strdt(sparql.substr(sparql.str(o), 1, 10),'xsd:date') BETWEEN '1990-01-01'::date AND '2000-01-01'::date AND
  '1996-01-01'::date =  sparql.strdt(sparql.substr(sparql.str(o), 1, 10),'xsd:date') AND
  '2000-01-01'::date <> sparql.strdt(sparql.substr(sparql.str(o), 1, 10),'xsd:date') AND
  '1996-01-01'::date <= sparql.strdt(sparql.substr(sparql.str(o), 1, 10),'xsd:date') AND
  '1996-01-01'::date >= sparql.strdt(sparql.substr(sparql.str(o), 1, 10),'xsd:date');
INFO:  SPARQL query sent to 'wikidata':

SELECT ?p ?o 
{wd:Q192490 ?p ?o
 ## rdf_fdw pushdown conditions ##
 FILTER(?p = <http://www.wikidata.org/prop/direct/P571>)
 FILTER(STRDT(SUBSTR(STR(?o), 1, 10), <http://www.w3.org/2001/XMLSchema#date>) = "1996-01-01"^^<http://www.w3.org/2001/XMLSchema#date>)
 FILTER(STRDT(SUBSTR(STR(?o), 1, 10), <http://www.w3.org/2001/XMLSchema#date>) != "2000-01-01"^^<http://www.w3.org/2001/XMLSchema#date>)
 FILTER(STRDT(SUBSTR(STR(?o), 1, 10), <http://www.w3.org/2001/XMLSchema#date>) >= "1996-01-01"^^<http://www.w3.org/2001/XMLSchema#date>)
 FILTER(STRDT(SUBSTR(STR(?o), 1, 10), <http://www.w3.org/2001/XMLSchema#date>) <= "1996-01-01"^^<http://www.w3.org/2001/XMLSchema#date>)
 FILTER(STRDT(SUBSTR(STR(?o), 1, 10), <http://www.w3.org/2001/XMLSchema#date>) >= "1990-01-01"^^<http://www.w3.org/2001/XMLSchema#date>)
 FILTER(STRDT(SUBSTR(STR(?o), 1, 10), <http://www.w3.org/2001/XMLSchema#date>) <= "2000-01-01"^^<http://www.w3.org/2001/XMLSchema#date>)
 FILTER("1996-01-01"^^<http://www.w3.org/2001/XMLSchema#date> = STRDT(SUBSTR(STR(?o), 1, 10), <http://www.w3.org/2001/XMLSchema#date>))
 FILTER("2000-01-01"^^<http://www.w3.org/2001/XMLSchema#date> != STRDT(SUBSTR(STR(?o), 1, 10), <http://www.w3.org/2001/XMLSchema#date>))
 FILTER("1996-01-01"^^<http://www.w3.org/2001/XMLSchema#date> <= STRDT(SUBSTR(STR(?o), 1, 10), <http://www.w3.org/2001/XMLSchema#date>))
 FILTER("1996-01-01"^^<http://www.w3.org/2001/XMLSchema#date> >= STRDT(SUBSTR(STR(?o), 1, 10), <http://www.w3.org/2001/XMLSchema#date>))
}

INFO:  SPARQL returned 1 record.

                     p                      |                                  o                                  
--------------------------------------------+---------------------------------------------------------------------
 <http://www.wikidata.org/prop/direct/P571> | "1996-01-01T00:00:00Z"^^<http://www.w3.org/2001/XMLSchema#dateTime>
(1 row)

/* SPARQL - 17.3 Operator Mapping (timetz) */
SELECT p, o, sparql.strdt(sparql.substr(sparql.str(o), 12, 8),'xsd:time') FROM rdbms
WHERE 
  p = '<http://www.wikidata.org/prop/direct/P571>'::rdfnode AND
  sparql.strdt(sparql.substr(sparql.str(o), 12, 8),'xsd:time') = '00:00:00 PST'::timetz AND
  sparql.strdt(sparql.substr(sparql.str(o), 12, 8),'xsd:time') <> '23:00:00 PST'::timetz AND
  sparql.strdt(sparql.substr(sparql.str(o), 12, 8),'xsd:time') >= '00:00:00 PST'::timetz AND
  sparql.strdt(sparql.substr(sparql.str(o), 12, 8),'xsd:time') <= '00:00:00 PST'::timetz AND
  sparql.strdt(sparql.substr(sparql.str(o), 12, 8),'xsd:time') BETWEEN '00:00:00 PST'::timetz AND '23:59:00 PST'::timetz AND
  '00:00:00 PST'::timetz =  sparql.strdt(sparql.substr(sparql.str(o), 12, 8),'xsd:time') AND
  '23:00:00 PST'::timetz <> sparql.strdt(sparql.substr(sparql.str(o), 12, 8),'xsd:time') AND
  '00:00:00 PST'::timetz <= sparql.strdt(sparql.substr(sparql.str(o), 12, 8),'xsd:time') AND
  '00:00:00 PST'::timetz >= sparql.strdt(sparql.substr(sparql.str(o), 12, 8),'xsd:time');
INFO:  SPARQL query sent to 'wikidata':

SELECT ?p ?o 
{wd:Q192490 ?p ?o
 ## rdf_fdw pushdown conditions ##
 FILTER(?p = <http://www.wikidata.org/prop/direct/P571>)
 FILTER(STRDT(SUBSTR(STR(?o), 12, 8), <http://www.w3.org/2001/XMLSchema#time>) = "00:00:00-08"^^<http://www.w3.org/2001/XMLSchema#time>)
 FILTER(STRDT(SUBSTR(STR(?o), 12, 8), <http://www.w3.org/2001/XMLSchema#time>) != "23:00:00-08"^^<http://www.w3.org/2001/XMLSchema#time>)
 FILTER(STRDT(SUBSTR(STR(?o), 12, 8), <http://www.w3.org/2001/XMLSchema#time>) >= "00:00:00-08"^^<http://www.w3.org/2001/XMLSchema#time>)
 FILTER(STRDT(SUBSTR(STR(?o), 12, 8), <http://www.w3.org/2001/XMLSchema#time>) <= "00:00:00-08"^^<http://www.w3.org/2001/XMLSchema#time>)
 FILTER(STRDT(SUBSTR(STR(?o), 12, 8), <http://www.w3.org/2001/XMLSchema#time>) >= "00:00:00-08"^^<http://www.w3.org/2001/XMLSchema#time>)
 FILTER(STRDT(SUBSTR(STR(?o), 12, 8), <http://www.w3.org/2001/XMLSchema#time>) <= "23:59:00-08"^^<http://www.w3.org/2001/XMLSchema#time>)
 FILTER("00:00:00-08"^^<http://www.w3.org/2001/XMLSchema#time> = STRDT(SUBSTR(STR(?o), 12, 8), <http://www.w3.org/2001/XMLSchema#time>))
 FILTER("23:00:00-08"^^<http://www.w3.org/2001/XMLSchema#time> != STRDT(SUBSTR(STR(?o), 12, 8), <http://www.w3.org/2001/XMLSchema#time>))
 FILTER("00:00:00-08"^^<http://www.w3.org/2001/XMLSchema#time> <= STRDT(SUBSTR(STR(?o), 12, 8), <http://www.w3.org/2001/XMLSchema#time>))
 FILTER("00:00:00-08"^^<http://www.w3.org/2001/XMLSchema#time> >= STRDT(SUBSTR(STR(?o), 12, 8), <http://www.w3.org/2001/XMLSchema#time>))
}

INFO:  SPARQL returned 0 records.

 p | o | strdt 
---+---+-------
(0 rows)

/* SPARQL - 17.3 Operator Mapping (boolean) */
SELECT p, o FROM rdbms
WHERE 
  p = '<http://www.wikidata.org/prop/direct/P571>'::rdfnode AND
  o <> false AND
  o <> true AND
  false <> o AND
  true <> o;
INFO:  SPARQL query sent to 'wikidata':

SELECT ?p ?o 
{wd:Q192490 ?p ?o
 ## rdf_fdw pushdown conditions ##
 FILTER(?p = <http://www.wikidata.org/prop/direct/P571>)
 FILTER(?o != "false"^^<http://www.w3.org/2001/XMLSchema#boolean>)
 FILTER(?o != "true"^^<http://www.w3.org/2001/XMLSchema#boolean>)
 FILTER("false"^^<http://www.w3.org/2001/XMLSchema#boolean> != ?o)
 FILTER("true"^^<http://www.w3.org/2001/XMLSchema#boolean> != ?o)
}

INFO:  SPARQL returned 0 records.

 p | o 
---+---
(0 rows)

/* SPARQL 17.4.1.1 - BOUND */
CREATE FOREIGN TABLE rdbms2 (
  p rdfnode OPTIONS (variable '?p'),
  o rdfnode OPTIONS (variable '?o'),
  x rdfnode OPTIONS (variable '?x')
)
SERVER wikidata OPTIONS (
  log_sparql 'true',
  sparql 'SELECT * {wd:Q192490 ?p ?o OPTIONAL { ?o <http://foo.bar> ?x }}');
SELECT p, o, sparql.bound(p), sparql.bound(x)
FROM rdbms2
WHERE 
  p = '<http://www.w3.org/2000/01/rdf-schema#label>' AND
  sparql.langmatches(sparql.lang(o),'es') AND
  sparql.bound(o) AND
  NOT sparql.bound(x);
INFO:  SPARQL query sent to 'wikidata':

SELECT ?p ?o ?x 
{wd:Q192490 ?p ?o OPTIONAL { ?o <http://foo.bar> ?x }
 ## rdf_fdw pushdown conditions ##
 FILTER(?p = <http://www.w3.org/2000/01/rdf-schema#label>)
 FILTER(LANGMATCHES(LANG(?o), "es"))
 FILTER(BOUND(?o))
}

INFO:  SPARQL returned 1 record.

                      p                       |        o        | bound | bound 
----------------------------------------------+-----------------+-------+-------
 <http://www.w3.org/2000/01/rdf-schema#label> | "PostgreSQL"@es | t     | f
(1 row)

/* SPARQL 17.4.1.3 - COALESCE */
SELECT p, o, x, sparql.coalesce(x, o, p)
FROM rdbms2
WHERE 
  p = '<http://www.w3.org/2000/01/rdf-schema#label>' AND
  sparql.coalesce(x, o) = '"PostgreSQL"@de' AND
  sparql.coalesce(x, x, o) = '"PostgreSQL"@de' AND
  sparql.coalesce(x, p) = '<http://www.w3.org/2000/01/rdf-schema#label>' AND
  sparql.coalesce(x, x, p) = '<http://www.w3.org/2000/01/rdf-schema#label>';
INFO:  SPARQL query sent to 'wikidata':

SELECT ?p ?o ?x 
{wd:Q192490 ?p ?o OPTIONAL { ?o <http://foo.bar> ?x }
 ## rdf_fdw pushdown conditions ##
 FILTER(?p = <http://www.w3.org/2000/01/rdf-schema#label>)
 FILTER(COALESCE(?x, ?o) = "PostgreSQL"@de)
 FILTER(COALESCE(?x, ?x, ?o) = "PostgreSQL"@de)
 FILTER(COALESCE(?x, ?p) = <http://www.w3.org/2000/01/rdf-schema#label>)
 FILTER(COALESCE(?x, ?x, ?p) = <http://www.w3.org/2000/01/rdf-schema#label>)
}

INFO:  SPARQL returned 1 record.

                      p                       |        o        | x |    coalesce     
----------------------------------------------+-----------------+---+-----------------
 <http://www.w3.org/2000/01/rdf-schema#label> | "PostgreSQL"@de |   | "PostgreSQL"@de
(1 row)

/* SPARQL 17.4.1.8 - sameTerm */
SELECT p, o, sparql.sameterm(o,'"PostgreSQL"@fr')
FROM rdbms
WHERE 
  p = sparql.iri('http://www.w3.org/2000/01/rdf-schema#label') AND
  sparql.sameterm(o,'"PostgreSQL"@fr') AND
  sparql.sameterm(p,'<http://www.w3.org/2000/01/rdf-schema#label>');
INFO:  SPARQL query sent to 'wikidata':

SELECT ?p ?o 
{wd:Q192490 ?p ?o
 ## rdf_fdw pushdown conditions ##
 FILTER(?p = <http://www.w3.org/2000/01/rdf-schema#label>)
 FILTER(SAMETERM(?o, "PostgreSQL"@fr))
 FILTER(SAMETERM(?p, <http://www.w3.org/2000/01/rdf-schema#label>))
}

INFO:  SPARQL returned 1 record.

                      p                       |        o        | sameterm 
----------------------------------------------+-----------------+----------
 <http://www.w3.org/2000/01/rdf-schema#label> | "PostgreSQL"@fr | t
(1 row)

/* SPARQL 17.4.1.9 - IN */
SELECT p, o
FROM rdbms
WHERE 
  p = sparql.iri('http://www.w3.org/2000/01/rdf-schema#label') AND
  o IN ('"PostgreSQL"@de'::rdfnode, '"PostgreSQL"@en', sparql.strlang('PostgreSQL','es'));
INFO:  SPARQL query sent to 'wikidata':

SELECT ?p ?o 
{wd:Q192490 ?p ?o
 ## rdf_fdw pushdown conditions ##
 FILTER(?p = <http://www.w3.org/2000/01/rdf-schema#label>)
 FILTER(?o IN ("PostgreSQL"@de, "PostgreSQL"@en, "PostgreSQL"@es))
}

INFO:  SPARQL returned 3 records.

                      p                       |        o        
----------------------------------------------+-----------------
 <http://www.w3.org/2000/01/rdf-schema#label> | "PostgreSQL"@en
 <http://www.w3.org/2000/01/rdf-schema#label> | "PostgreSQL"@de
 <http://www.w3.org/2000/01/rdf-schema#label> | "PostgreSQL"@es
(3 rows)

/* SPARQL 17.4.1.10 - NOT IN */
SELECT p, o
FROM rdbms
WHERE 
  p = sparql.iri('http://www.w3.org/2000/01/rdf-schema#label') AND
  o NOT IN ('"PostgreSQL"@de'::rdfnode, '"PostgreSQL"@en', sparql.strlang('PostgreSQL','es'))
FETCH FIRST 3 ROWS ONLY;
INFO:  SPARQL query sent to 'wikidata':

SELECT ?p ?o 
{wd:Q192490 ?p ?o
 ## rdf_fdw pushdown conditions ##
 FILTER(?p = <http://www.w3.org/2000/01/rdf-schema#label>)
 FILTER(?o NOT IN ("PostgreSQL"@de, "PostgreSQL"@en, "PostgreSQL"@es))
}
LIMIT 3

INFO:  SPARQL returned 3 records.

                      p                       |           o            
----------------------------------------------+------------------------
 <http://www.w3.org/2000/01/rdf-schema#label> | "PostgreSQL"@cs
 <http://www.w3.org/2000/01/rdf-schema#label> | "PostgreSQL"@af
 <http://www.w3.org/2000/01/rdf-schema#label> | "بوستجري إس كيو إل"@ar
(3 rows)

/* SPARQL 17.4.2.1 - isIRI */
SELECT p, o, sparql.isIRI(p), sparql.isIRI(o) FROM rdbms 
WHERE 
  p = '<http://www.wikidata.org/prop/direct/P8408>' AND
  sparql.isIRI(p) AND
  NOT sparql.isIRI(o);
INFO:  SPARQL query sent to 'wikidata':

SELECT ?p ?o 
{wd:Q192490 ?p ?o
 ## rdf_fdw pushdown conditions ##
 FILTER(?p = <http://www.wikidata.org/prop/direct/P8408>)
 FILTER(isIRI(?p))
}

INFO:  SPARQL returned 1 record.

                      p                      |      o       | isiri | isiri 
---------------------------------------------+--------------+-------+-------
 <http://www.wikidata.org/prop/direct/P8408> | "PostgreSQL" | t     | f
(1 row)

/* SPARQL 17.4.2.2 - isBlank */
SELECT p, o, sparql.isblank(o) FROM rdbms
WHERE sparql.isblank(o);
INFO:  SPARQL query sent to 'wikidata':

SELECT ?p ?o 
{wd:Q192490 ?p ?o
 ## rdf_fdw pushdown conditions ##
 FILTER(ISBLANK(?o))
}

INFO:  SPARQL returned 0 records.

 p | o | isblank 
---+---+---------
(0 rows)

/* SPARQL 17.4.2.3 - isLiteral */
SELECT p, o, sparql.isliteral(o), sparql.isliteral(p) FROM rdbms
WHERE 
  p = '<http://www.wikidata.org/prop/direct/P8408>' AND
  sparql.isliteral(o) AND 
  NOT sparql.isliteral(p);
INFO:  SPARQL query sent to 'wikidata':

SELECT ?p ?o 
{wd:Q192490 ?p ?o
 ## rdf_fdw pushdown conditions ##
 FILTER(?p = <http://www.wikidata.org/prop/direct/P8408>)
 FILTER(ISLITERAL(?o))
}

INFO:  SPARQL returned 1 record.

                      p                      |      o       | isliteral | isliteral 
---------------------------------------------+--------------+-----------+-----------
 <http://www.wikidata.org/prop/direct/P8408> | "PostgreSQL" | t         | f
(1 row)

/* SPARQL 17.4.2.4 - isNumeric */
SELECT p, o, sparql.isnumeric(o), sparql.isnumeric(p) FROM rdbms
WHERE 
  p = '<http://schema.org/version>' AND
  sparql.isnumeric(o) AND
  NOT sparql.isnumeric(p);
INFO:  SPARQL query sent to 'wikidata':

SELECT ?p ?o 
{wd:Q192490 ?p ?o
 ## rdf_fdw pushdown conditions ##
 FILTER(?p = <http://schema.org/version>)
 FILTER(ISNUMERIC(?o))
}

INFO:  SPARQL returned 1 record.

              p              |                            o                             | isnumeric | isnumeric 
-----------------------------+----------------------------------------------------------+-----------+-----------
 <http://schema.org/version> | "2429126274"^^<http://www.w3.org/2001/XMLSchema#integer> | t         | f
(1 row)

/* SPARQL 17.4.2.5 - str */
SELECT p, o, sparql.str(o)
FROM rdbms
WHERE 
  p = '<http://www.w3.org/2000/01/rdf-schema#label>' AND
  sparql.str(o) = sparql.str('"PostgreSQL"@fr')
FETCH FIRST ROW ONLY;
INFO:  SPARQL query sent to 'wikidata':

SELECT ?p ?o 
{wd:Q192490 ?p ?o
 ## rdf_fdw pushdown conditions ##
 FILTER(?p = <http://www.w3.org/2000/01/rdf-schema#label>)
 FILTER(STR(?o) = "PostgreSQL")
}
LIMIT 1

INFO:  SPARQL returned 1 record.

                      p                       |        o        |     str      
----------------------------------------------+-----------------+--------------
 <http://www.w3.org/2000/01/rdf-schema#label> | "PostgreSQL"@cs | "PostgreSQL"
(1 row)

/* SPARQL 17.4.2.6 - lang */
SELECT p, o, sparql.lang(o)
FROM rdbms
WHERE 
  p = '<http://www.w3.org/2000/01/rdf-schema#label>' AND
  sparql.lang(o) = sparql.lang('"PostgreSQL"@pt');
INFO:  SPARQL query sent to 'wikidata':

SELECT ?p ?o 
{wd:Q192490 ?p ?o
 ## rdf_fdw pushdown conditions ##
 FILTER(?p = <http://www.w3.org/2000/01/rdf-schema#label>)
 FILTER(LANG(?o) = "pt")
}

INFO:  SPARQL returned 1 record.

                      p                       |        o        | lang 
----------------------------------------------+-----------------+------
 <http://www.w3.org/2000/01/rdf-schema#label> | "PostgreSQL"@pt | pt
(1 row)

/* SPARQL 17.4.2.7 - datatype */
SELECT p, o, sparql.datatype(o)
FROM rdbms
WHERE
  p = '<http://wikiba.se/ontology#statements>' AND
  sparql.datatype(o) = sparql.datatype('"2429126274"^^<http://www.w3.org/2001/XMLSchema#integer>');
INFO:  SPARQL query sent to 'wikidata':

SELECT ?p ?o 
{wd:Q192490 ?p ?o
 ## rdf_fdw pushdown conditions ##
 FILTER(?p = <http://wikiba.se/ontology#statements>)
 FILTER(DATATYPE(?o) = <http://www.w3.org/2001/XMLSchema#integer>)
}

INFO:  SPARQL returned 1 record.

                   p                    |                         o                         |                  datatype                  
----------------------------------------+---------------------------------------------------+--------------------------------------------
 <http://wikiba.se/ontology#statements> | "450"^^<http://www.w3.org/2001/XMLSchema#integer> | <http://www.w3.org/2001/XMLSchema#integer>
(1 row)

/* SPARQL 17.4.2.8 - IRI */
SELECT p, o, sparql.iri(p)
FROM rdbms
WHERE 
  sparql.iri(p) = sparql.iri('http://www.wikidata.org/prop/direct/P13337') AND
  sparql.iri('<http://www.wikidata.org/prop/direct/P13337>') = sparql.iri(p) AND
  sparql.iri('http://www.wikidata.org/prop/direct/P13337') = p AND
  p = sparql.iri('http://www.wikidata.org/prop/direct/P13337');
INFO:  SPARQL query sent to 'wikidata':

SELECT ?p ?o 
{wd:Q192490 ?p ?o
 ## rdf_fdw pushdown conditions ##
 FILTER(IRI(?p) = <http://www.wikidata.org/prop/direct/P13337>)
 FILTER(<http://www.wikidata.org/prop/direct/P13337> = IRI(?p))
 FILTER(<http://www.wikidata.org/prop/direct/P13337> = ?p)
 FILTER(?p = <http://www.wikidata.org/prop/direct/P13337>)
}

INFO:  SPARQL returned 1 record.

                      p                       |        o         |                     iri                      
----------------------------------------------+------------------+----------------------------------------------
 <http://www.wikidata.org/prop/direct/P13337> | "postgresql.org" | <http://www.wikidata.org/prop/direct/P13337>
(1 row)

/* SPARQL 17.4.2.9 - BNODE */
SELECT p, o, sparql.bnode(o)
FROM rdbms
WHERE 
  p = '<http://www.wikidata.org/prop/direct/P13337>' AND
  sparql.isblank(sparql.bnode(o));
INFO:  SPARQL query sent to 'wikidata':

SELECT ?p ?o 
{wd:Q192490 ?p ?o
 ## rdf_fdw pushdown conditions ##
 FILTER(?p = <http://www.wikidata.org/prop/direct/P13337>)
 FILTER(ISBLANK(BNODE(?o)))
}

INFO:  SPARQL returned 1 record.

                      p                       |        o         |      bnode       
----------------------------------------------+------------------+------------------
 <http://www.wikidata.org/prop/direct/P13337> | "postgresql.org" | _:postgresql_org
(1 row)

/* SPARQL 17.4.2.10 - STRDT */
SELECT p, o, sparql.strdt(o,'xsd:string')
FROM rdbms
WHERE 
  p = sparql.iri('<http://schema.org/version>') AND
  '"2429126274"^^xsd:string'::rdfnode = sparql.strdt(sparql.str(o),'xsd:string') AND
  sparql.strdt(sparql.str(o),'xsd:string') = '"2429126274"^^xsd:string'::rdfnode  AND
  sparql.strdt(sparql.str('"2429126274"^^xsd:integer'),'xsd:string') = sparql.strdt(sparql.str(o),'xsd:string') AND
  sparql.strdt(sparql.str(o),'xsd:string') = sparql.strdt(sparql.str('"2429126274"^^xsd:integer'),'xsd:string');
INFO:  SPARQL query sent to 'wikidata':

SELECT ?p ?o 
{wd:Q192490 ?p ?o
 ## rdf_fdw pushdown conditions ##
 FILTER(?p = <http://schema.org/version>)
 FILTER("2429126274"^^<http://www.w3.org/2001/XMLSchema#string> = STRDT(STR(?o), <http://www.w3.org/2001/XMLSchema#string>))
 FILTER(STRDT(STR(?o), <http://www.w3.org/2001/XMLSchema#string>) = "2429126274"^^<http://www.w3.org/2001/XMLSchema#string>)
 FILTER("2429126274"^^<http://www.w3.org/2001/XMLSchema#string> = STRDT(STR(?o), <http://www.w3.org/2001/XMLSchema#string>))
 FILTER(STRDT(STR(?o), <http://www.w3.org/2001/XMLSchema#string>) = "2429126274"^^<http://www.w3.org/2001/XMLSchema#string>)
}

INFO:  SPARQL returned 1 record.

              p              |                            o                             |                          strdt                          
-----------------------------+----------------------------------------------------------+---------------------------------------------------------
 <http://schema.org/version> | "2429126274"^^<http://www.w3.org/2001/XMLSchema#integer> | "2429126274"^^<http://www.w3.org/2001/XMLSchema#string>
(1 row)

/* SPARQL 17.4.2.11 - STRLANG */
SELECT p, o, sparql.strlang(o,'en')
FROM rdbms
WHERE 
  p = sparql.iri('http://www.w3.org/2000/01/rdf-schema#label') AND
  sparql.langmatches(sparql.lang(o),'en') AND
  sparql.strlang(sparql.str(o),'en') = sparql.strlang('"PostgreSQL"', 'en') AND
  sparql.strlang('"PostgreSQL"', 'en') = sparql.strlang(sparql.str(o),'en') AND
  sparql.strlang('"PostgreSQL"', 'en') = '"PostgreSQL"@en' AND
  '"PostgreSQL"@en' = sparql.strlang('"PostgreSQL"', 'en');
INFO:  SPARQL query sent to 'wikidata':

SELECT ?p ?o 
{wd:Q192490 ?p ?o
 ## rdf_fdw pushdown conditions ##
 FILTER(?p = <http://www.w3.org/2000/01/rdf-schema#label>)
 FILTER(LANGMATCHES(LANG(?o), "en"))
 FILTER(STRLANG(STR(?o), "en") = "PostgreSQL"@en)
 FILTER("PostgreSQL"@en = STRLANG(STR(?o), "en"))
}

INFO:  SPARQL returned 1 record.

                      p                       |        o        |     strlang     
----------------------------------------------+-----------------+-----------------
 <http://www.w3.org/2000/01/rdf-schema#label> | "PostgreSQL"@en | "PostgreSQL"@en
(1 row)

/* SPARQL 17.4.2.12 - UUID (not pushable) */
SELECT sparql.uuid()::text ~ '^<urn:uuid:[0-9a-f]{8}-[0-9a-f]{4}-4[0-9a-f]{3}-[89ab][0-9a-f]{3}-[0-9a-f]{12}>$';
 ?column? 
----------
 t
(1 row)

/*SPARQL 17.4.2.13 - STRUUID (not pushable) */
SELECT sparql.struuid()::text ~ '^"[0-9a-f]{8}-[0-9a-f]{4}-4[0-9a-f]{3}-[89ab][0-9a-f]{3}-[0-9a-f]{12}"$';
 ?column? 
----------
 t
(1 row)

/* SPARQL 17.4.3.2 - STRLEN */
SELECT p, o, sparql.strlen(o)
FROM rdbms
WHERE 
  p = sparql.iri('http://www.w3.org/2000/01/rdf-schema#label') AND
  sparql.langmatches(sparql.lang(o),'de') AND
  sparql.strlen(o) = sparql.strlen('"PostgreSQL"@de') AND
  sparql.strlen(o) = 10 AND
  10 = sparql.strlen(o);
INFO:  SPARQL query sent to 'wikidata':

SELECT ?p ?o 
{wd:Q192490 ?p ?o
 ## rdf_fdw pushdown conditions ##
 FILTER(?p = <http://www.w3.org/2000/01/rdf-schema#label>)
 FILTER(LANGMATCHES(LANG(?o), "de"))
 FILTER(STRLEN(?o) = 10)
}

INFO:  SPARQL returned 1 record.

                      p                       |        o        | strlen 
----------------------------------------------+-----------------+--------
 <http://www.w3.org/2000/01/rdf-schema#label> | "PostgreSQL"@de |     10
(1 row)

/* SPARQL 17.4.3.3 - SUBSTR */
SELECT p, o, sparql.substr(o, 8, 3)
FROM rdbms
WHERE 
  p = sparql.iri('http://www.w3.org/2000/01/rdf-schema#label') AND
  sparql.langmatches(sparql.lang(o),'es') AND
  sparql.substr(o, 8, 3) = sparql.substr('"PostgreSQL"@es', 8, 3) AND
  sparql.substr('"PostgreSQL"@es', 8, 3) = sparql.substr(o, 8, 3);
INFO:  SPARQL query sent to 'wikidata':

SELECT ?p ?o 
{wd:Q192490 ?p ?o
 ## rdf_fdw pushdown conditions ##
 FILTER(?p = <http://www.w3.org/2000/01/rdf-schema#label>)
 FILTER(LANGMATCHES(LANG(?o), "es"))
 FILTER(SUBSTR(?o, 8, 3) = "SQL"@es)
 FILTER("SQL"@es = SUBSTR(?o, 8, 3))
}

INFO:  SPARQL returned 1 record.

                      p                       |        o        |  substr  
----------------------------------------------+-----------------+----------
 <http://www.w3.org/2000/01/rdf-schema#label> | "PostgreSQL"@es | "SQL"@es
(1 row)

/* SPARQL 17.4.3.4 - UCASE */
SELECT p, o, sparql.ucase(o)
FROM rdbms
WHERE 
  p = sparql.iri('http://www.w3.org/2000/01/rdf-schema#label') AND
  sparql.ucase(o) = sparql.ucase('"PostgreSQL"@fr') AND
  sparql.ucase(o) = '"POSTGRESQL"@fr' AND
  '"POSTGRESQL"@fr' = sparql.ucase(o);
INFO:  SPARQL query sent to 'wikidata':

SELECT ?p ?o 
{wd:Q192490 ?p ?o
 ## rdf_fdw pushdown conditions ##
 FILTER(?p = <http://www.w3.org/2000/01/rdf-schema#label>)
 FILTER(UCASE(?o) = "POSTGRESQL"@fr)
 FILTER(UCASE(?o) = "POSTGRESQL"@fr)
 FILTER("POSTGRESQL"@fr = UCASE(?o))
}

INFO:  SPARQL returned 1 record.

                      p                       |        o        |      ucase      
----------------------------------------------+-----------------+-----------------
 <http://www.w3.org/2000/01/rdf-schema#label> | "PostgreSQL"@fr | "POSTGRESQL"@fr
(1 row)

/* SPARQL 17.4.3.5 - LCASE */
SELECT p, o, sparql.lcase(o)
FROM rdbms
WHERE 
  p = sparql.iri('http://www.w3.org/2000/01/rdf-schema#label') AND
  sparql.lcase(o) = sparql.lcase('"PostgreSQL"@es') AND
  sparql.lcase(o) = '"postgresql"@es' AND
  '"postgresql"@es' = sparql.lcase(o);
INFO:  SPARQL query sent to 'wikidata':

SELECT ?p ?o 
{wd:Q192490 ?p ?o
 ## rdf_fdw pushdown conditions ##
 FILTER(?p = <http://www.w3.org/2000/01/rdf-schema#label>)
 FILTER(LCASE(?o) = "postgresql"@es)
 FILTER(LCASE(?o) = "postgresql"@es)
 FILTER("postgresql"@es = LCASE(?o))
}

INFO:  SPARQL returned 1 record.

                      p                       |        o        |      lcase      
----------------------------------------------+-----------------+-----------------
 <http://www.w3.org/2000/01/rdf-schema#label> | "PostgreSQL"@es | "postgresql"@es
(1 row)

/* SPARQL 17.4.3.6 - STRSTARTS */
SELECT p, o, sparql.strstarts(o, sparql.str('"Postgre"@de'))
FROM rdbms
WHERE 
  p = sparql.iri('http://www.w3.org/2000/01/rdf-schema#label') AND
  sparql.langmatches(sparql.lang(o),'de') AND
  sparql.strstarts(o,'"Postgre"@de');
INFO:  SPARQL query sent to 'wikidata':

SELECT ?p ?o 
{wd:Q192490 ?p ?o
 ## rdf_fdw pushdown conditions ##
 FILTER(?p = <http://www.w3.org/2000/01/rdf-schema#label>)
 FILTER(LANGMATCHES(LANG(?o), "de"))
 FILTER(STRSTARTS(?o, "Postgre"@de))
}

INFO:  SPARQL returned 1 record.

                      p                       |        o        | strstarts 
----------------------------------------------+-----------------+-----------
 <http://www.w3.org/2000/01/rdf-schema#label> | "PostgreSQL"@de | t
(1 row)

/* SPARQL 17.4.3.7 - STRENDS */
SELECT p, o, sparql.strends(o, sparql.str('"SQL"@fr'))
FROM rdbms
WHERE 
  p = sparql.iri('http://www.w3.org/2000/01/rdf-schema#label') AND
  sparql.langmatches(sparql.lang(o),'fr') AND
  sparql.strends(o,'"SQL"');
INFO:  SPARQL query sent to 'wikidata':

SELECT ?p ?o 
{wd:Q192490 ?p ?o
 ## rdf_fdw pushdown conditions ##
 FILTER(?p = <http://www.w3.org/2000/01/rdf-schema#label>)
 FILTER(LANGMATCHES(LANG(?o), "fr"))
 FILTER(STRENDS(?o, "SQL"))
}

INFO:  SPARQL returned 1 record.

                      p                       |        o        | strends 
----------------------------------------------+-----------------+---------
 <http://www.w3.org/2000/01/rdf-schema#label> | "PostgreSQL"@fr | t
(1 row)

/* SPARQL 17.4.3.8 - CONTAINS */
SELECT p, o, sparql.contains(o,'"SQL"@it'), sparql.contains(o,'"SQL"^^xsd:string')
FROM rdbms
WHERE 
  p = sparql.iri('http://www.w3.org/2000/01/rdf-schema#label') AND  
  sparql.langmatches(sparql.lang(o),'it') AND
  sparql.contains(o,'"SQL"@') AND
  sparql.contains(o,'"Postgre"');
INFO:  SPARQL query sent to 'wikidata':

SELECT ?p ?o 
{wd:Q192490 ?p ?o
 ## rdf_fdw pushdown conditions ##
 FILTER(?p = <http://www.w3.org/2000/01/rdf-schema#label>)
 FILTER(LANGMATCHES(LANG(?o), "it"))
 FILTER(CONTAINS(?o, "SQL"))
 FILTER(CONTAINS(?o, "Postgre"))
}

INFO:  SPARQL returned 1 record.

                      p                       |        o        | contains | contains 
----------------------------------------------+-----------------+----------+----------
 <http://www.w3.org/2000/01/rdf-schema#label> | "PostgreSQL"@it | t        | t
(1 row)

/* SPARQL 17.4.3.9 - STRBEFORE */
SELECT p, o, sparql.strbefore(sparql.str(o), '"SQL"')
FROM rdbms
WHERE 
  p = sparql.iri('http://www.w3.org/2000/01/rdf-schema#label') AND
  sparql.langmatches(sparql.lang(o),'fr') AND
  sparql.strbefore(sparql.str(o), '"SQL"') = sparql.strbefore(sparql.str('"PostgreSQL"@fr'),'"SQL"') AND
  sparql.strbefore(sparql.str(o), '"SQL"') = '"Postgre"' AND
  '"Postgre"' = sparql.strbefore(sparql.str(o), '"SQL"');
INFO:  SPARQL query sent to 'wikidata':

SELECT ?p ?o 
{wd:Q192490 ?p ?o
 ## rdf_fdw pushdown conditions ##
 FILTER(?p = <http://www.w3.org/2000/01/rdf-schema#label>)
 FILTER(LANGMATCHES(LANG(?o), "fr"))
 FILTER(STRBEFORE(STR(?o), "SQL") = "Postgre")
 FILTER(STRBEFORE(STR(?o), "SQL") = "Postgre")
 FILTER("Postgre" = STRBEFORE(STR(?o), "SQL"))
}

INFO:  SPARQL returned 1 record.

                      p                       |        o        | strbefore 
----------------------------------------------+-----------------+-----------
 <http://www.w3.org/2000/01/rdf-schema#label> | "PostgreSQL"@fr | "Postgre"
(1 row)

/* SPARQL 17.4.3.10 - STRAFTER */
SELECT p, o, sparql.strafter(sparql.str(o), '"Postgre"')
FROM rdbms
WHERE 
  p = sparql.iri('http://www.w3.org/2000/01/rdf-schema#label') AND
  sparql.langmatches(sparql.lang(o),'es') AND
  sparql.strafter(sparql.str(o), '"Postgre"') = sparql.strafter(sparql.str('"PostgreSQL"@es'),'"Postgre"') AND
  sparql.strafter(sparql.str(o), '"Postgre"') = '"SQL"'::rdfnode AND
  '"SQL"' = sparql.strafter(sparql.str(o), '"Postgre"');
INFO:  SPARQL query sent to 'wikidata':

SELECT ?p ?o 
{wd:Q192490 ?p ?o
 ## rdf_fdw pushdown conditions ##
 FILTER(?p = <http://www.w3.org/2000/01/rdf-schema#label>)
 FILTER(LANGMATCHES(LANG(?o), "es"))
 FILTER(STRAFTER(STR(?o), "Postgre") = "SQL")
 FILTER(STRAFTER(STR(?o), "Postgre") = "SQL")
 FILTER("SQL" = STRAFTER(STR(?o), "Postgre"))
}

INFO:  SPARQL returned 1 record.

                      p                       |        o        | strafter 
----------------------------------------------+-----------------+----------
 <http://www.w3.org/2000/01/rdf-schema#label> | "PostgreSQL"@es | "SQL"
(1 row)

/* SPARQL 17.4.3.11 - ENCODE_FOR_URI */
SELECT p, o, sparql.encode_for_uri(o)
FROM rdbms
WHERE 
  p = sparql.iri('<http://schema.org/description>') AND
  sparql.langmatches(sparql.lang(o),'de') AND
  sparql.encode_for_uri(o) = sparql.encode_for_uri('"relationales Datenbankmanagementsystem"@de') AND
  sparql.encode_for_uri(o) = '"relationales%20Datenbankmanagementsystem"' AND 
  '"relationales%20Datenbankmanagementsystem"' = sparql.encode_for_uri(o);
INFO:  SPARQL query sent to 'wikidata':

SELECT ?p ?o 
{wd:Q192490 ?p ?o
 ## rdf_fdw pushdown conditions ##
 FILTER(?p = <http://schema.org/description>)
 FILTER(LANGMATCHES(LANG(?o), "de"))
 FILTER(ENCODE_FOR_URI(?o) = "relationales%20Datenbankmanagementsystem")
 FILTER(ENCODE_FOR_URI(?o) = "relationales%20Datenbankmanagementsystem")
 FILTER("relationales%20Datenbankmanagementsystem" = ENCODE_FOR_URI(?o))
}

INFO:  SPARQL returned 1 record.

                p                |                      o                      |               encode_for_uri               
---------------------------------+---------------------------------------------+--------------------------------------------
 <http://schema.org/description> | "relationales Datenbankmanagementsystem"@de | "relationales%20Datenbankmanagementsystem"
(1 row)

/* 17.4.3.12 - CONCAT */
SELECT p, o, sparql.concat(o,sparql.strlang(' Global','es')), sparql.concat(o,'" Global"^^xsd:string')
FROM rdbms
WHERE 
  p = sparql.iri('http://www.w3.org/2000/01/rdf-schema#label') AND
  sparql.langmatches(sparql.lang(o),'es') AND
  sparql.concat(o,' Global') = sparql.concat('"PostgreSQL"@es','" Global"') AND
  sparql.concat('"PostgreSQL"@es','" Global"') = sparql.concat(o,' Global');
INFO:  SPARQL query sent to 'wikidata':

SELECT ?p ?o 
{wd:Q192490 ?p ?o
 ## rdf_fdw pushdown conditions ##
 FILTER(?p = <http://www.w3.org/2000/01/rdf-schema#label>)
 FILTER(LANGMATCHES(LANG(?o), "es"))
 FILTER(CONCAT(?o, " Global") = "PostgreSQL Global")
 FILTER("PostgreSQL Global" = CONCAT(?o, " Global"))
}

INFO:  SPARQL returned 1 record.

                      p                       |        o        |         concat         |       concat        
----------------------------------------------+-----------------+------------------------+---------------------
 <http://www.w3.org/2000/01/rdf-schema#label> | "PostgreSQL"@es | "PostgreSQL Global"@es | "PostgreSQL Global"
(1 row)

/* SPARQL 17.4.3.13 - langMatches */
SELECT p, o, sparql.langmatches(sparql.lang(o),'*'),  sparql.langmatches(sparql.lang(o),'fr'),  sparql.langmatches(sparql.lang(o),'de')
FROM rdbms 
WHERE sparql.langmatches(sparql.lang(o),'fr')
ORDER BY p, o;
INFO:  SPARQL query sent to 'wikidata':

SELECT ?p ?o 
{wd:Q192490 ?p ?o
 ## rdf_fdw pushdown conditions ##
 FILTER(LANGMATCHES(LANG(?o), "fr"))
}
ORDER BY  ASC (?p)  ASC (?o)

INFO:  SPARQL returned 3 records.

                       p                        |                               o                                | langmatches | langmatches | langmatches 
------------------------------------------------+----------------------------------------------------------------+-------------+-------------+-------------
 <http://schema.org/description>                | "système libre de gestion de base de données relationnelle"@fr | t           | t           | f
 <http://www.w3.org/2000/01/rdf-schema#label>   | "PostgreSQL"@fr                                                | t           | t           | f
 <http://www.w3.org/2004/02/skos/core#altLabel> | "Postgres"@fr                                                  | t           | t           | f
(3 rows)

/* SPARQL 17.4.3.14 - REGEX */
SELECT p, o
FROM rdbms
WHERE 
  p = sparql.iri('http://www.w3.org/2000/01/rdf-schema#label') AND
  sparql.langmatches(sparql.lang(o),'it') AND
  sparql.regex(o, sparql.ucase('postgres'), 'i') AND 
  sparql.regex(o, '^pOs','i') ;
INFO:  SPARQL query sent to 'wikidata':

SELECT ?p ?o 
{wd:Q192490 ?p ?o
 ## rdf_fdw pushdown conditions ##
 FILTER(?p = <http://www.w3.org/2000/01/rdf-schema#label>)
 FILTER(LANGMATCHES(LANG(?o), "it"))
 FILTER(REGEX(?o, "POSTGRES", "i"))
 FILTER(REGEX(?o, "^pOs", "i"))
}

INFO:  SPARQL returned 1 record.

                      p                       |        o        
----------------------------------------------+-----------------
 <http://www.w3.org/2000/01/rdf-schema#label> | "PostgreSQL"@it
(1 row)

/* SPARQL 17.4.3.15 - REPLACE */
SELECT p, o, sparql.replace(o,'Postgre','My'), sparql.replace(o,'"Postgre"@fr',''), sparql.replace(o,'Postgre','My') = sparql.replace(sparql.strlang('PostgreSQL','fr'),'Postgre','My')
FROM rdbms
WHERE 
  p = sparql.iri('http://www.w3.org/2000/01/rdf-schema#label') AND
  sparql.langmatches(sparql.lang(o),'es') AND
  sparql.replace(sparql.str(o),'Postgre','My') = '"MySQL"'::rdfnode AND
  '"MySQL"' = sparql.replace(sparql.str(o),'Postgre','My') AND
  sparql.replace(sparql.str(o), 'POSTGRE', 'My','i') = sparql.replace('"PostgreSQL"', 'POSTGRE', 'My','i');
INFO:  SPARQL query sent to 'wikidata':

SELECT ?p ?o 
{wd:Q192490 ?p ?o
 ## rdf_fdw pushdown conditions ##
 FILTER(?p = <http://www.w3.org/2000/01/rdf-schema#label>)
 FILTER(LANGMATCHES(LANG(?o), "es"))
 FILTER(REPLACE(STR(?o), "Postgre", "My") = "MySQL")
 FILTER("MySQL" = REPLACE(STR(?o), "Postgre", "My"))
 FILTER(REPLACE(STR(?o), "POSTGRE", "My", "i") = "MySQL")
}

INFO:  SPARQL returned 1 record.

                      p                       |        o        | replace | replace | ?column? 
----------------------------------------------+-----------------+---------+---------+----------
 <http://www.w3.org/2000/01/rdf-schema#label> | "PostgreSQL"@es | "MySQL" | "SQL"   | t
(1 row)

/* SPARQL 17.4.4.1 - abs */
SELECT p, o, sparql.abs(o) FROM rdbms
WHERE 
  p = '<http://schema.org/version>'::rdfnode AND
  sparql.abs(o) = 2429126274::bigint AND
  sparql.abs(o) <> 9999999999::bigint AND
  sparql.abs(o) >= 2429126274::bigint AND
  sparql.abs(o) <= 2429126274::bigint AND
  sparql.abs(o) BETWEEN 2346087000::bigint AND 9999999999::bigint AND
  sparql.abs(o) =  '"2429126274"^^xsd:long'::rdfnode AND
  sparql.abs(o) >  '"1111111111"^^xsd:long'::rdfnode AND
  sparql.abs(o) >= '"2429126274"^^xsd:long'::rdfnode AND
  sparql.abs(o) <  '"9999999999"^^xsd:long'::rdfnode AND
  sparql.abs(o) <= '"2429126274"^^xsd:long'::rdfnode AND
  2429126274::bigint = sparql.abs(o) AND
  '"2429126274"^^xsd:long'::rdfnode = sparql.abs(o);
INFO:  SPARQL query sent to 'wikidata':

SELECT ?p ?o 
{wd:Q192490 ?p ?o
 ## rdf_fdw pushdown conditions ##
 FILTER(?p = <http://schema.org/version>)
 FILTER(ABS(?o) = 2429126274)
 FILTER(ABS(?o) != 9999999999)
 FILTER(ABS(?o) >= 2429126274)
 FILTER(ABS(?o) <= 2429126274)
 FILTER(ABS(?o) >= 2346087000)
 FILTER(ABS(?o) <= 9999999999)
 FILTER(ABS(?o) = "2429126274"^^<http://www.w3.org/2001/XMLSchema#long>)
 FILTER(ABS(?o) > "1111111111"^^<http://www.w3.org/2001/XMLSchema#long>)
 FILTER(ABS(?o) >= "2429126274"^^<http://www.w3.org/2001/XMLSchema#long>)
 FILTER(ABS(?o) < "9999999999"^^<http://www.w3.org/2001/XMLSchema#long>)
 FILTER(ABS(?o) <= "2429126274"^^<http://www.w3.org/2001/XMLSchema#long>)
 FILTER(2429126274 = ABS(?o))
 FILTER("2429126274"^^<http://www.w3.org/2001/XMLSchema#long> = ABS(?o))
}

INFO:  SPARQL returned 1 record.

              p              |                            o                             |                           abs                            
-----------------------------+----------------------------------------------------------+----------------------------------------------------------
 <http://schema.org/version> | "2429126274"^^<http://www.w3.org/2001/XMLSchema#integer> | "2429126274"^^<http://www.w3.org/2001/XMLSchema#integer>
(1 row)

/* SPARQL 17.4.4.2 - round */
SELECT p, o, sparql.round(o)
FROM rdbms
WHERE 
  p = sparql.iri('<http://www.wikidata.org/prop/direct/P8687>') AND
  sparql.round(o) = sparql.round(31359.9) AND
  sparql.round(o) > 10000.9 AND
  sparql.round(o) >= sparql.round(31359.9) AND
  sparql.round(o) < 99999.9 AND
  sparql.round(o) <= sparql.round(31359.9) AND
  sparql.round(o) = '"31360"^^xsd:decimal'::rdfnode AND
  sparql.round(o) > '"10000.9"^^xsd:decimal'::rdfnode AND
  sparql.round(o) >= '"31360"^^xsd:decimal'::rdfnode AND
  sparql.round(o) < '"99999.9"^^xsd:decimal'::rdfnode AND
  sparql.round(o) <= '"31360"^^xsd:decimal'::rdfnode AND
  sparql.round(31359.9) = sparql.round(o) AND
  sparql.round('"31359.9"^^xsd:decimal'::rdfnode) = sparql.round(o);
INFO:  SPARQL query sent to 'wikidata':

SELECT ?p ?o 
{wd:Q192490 ?p ?o
 ## rdf_fdw pushdown conditions ##
 FILTER(?p = <http://www.wikidata.org/prop/direct/P8687>)
 FILTER(ROUND(?o) = "31360"^^<http://www.w3.org/2001/XMLSchema#double>)
 FILTER(ROUND(?o) > 10000.9)
 FILTER(ROUND(?o) >= "31360"^^<http://www.w3.org/2001/XMLSchema#double>)
 FILTER(ROUND(?o) < 99999.9)
 FILTER(ROUND(?o) <= "31360"^^<http://www.w3.org/2001/XMLSchema#double>)
 FILTER(ROUND(?o) = "31360"^^<http://www.w3.org/2001/XMLSchema#decimal>)
 FILTER(ROUND(?o) > "10000.9"^^<http://www.w3.org/2001/XMLSchema#decimal>)
 FILTER(ROUND(?o) >= "31360"^^<http://www.w3.org/2001/XMLSchema#decimal>)
 FILTER(ROUND(?o) < "99999.9"^^<http://www.w3.org/2001/XMLSchema#decimal>)
 FILTER(ROUND(?o) <= "31360"^^<http://www.w3.org/2001/XMLSchema#decimal>)
 FILTER("31360"^^<http://www.w3.org/2001/XMLSchema#double> = ROUND(?o))
 FILTER("31360"^^<http://www.w3.org/2001/XMLSchema#decimal> = ROUND(?o))
}

INFO:  SPARQL returned 1 record.

                      p                      |                          o                          |                        round                        
---------------------------------------------+-----------------------------------------------------+-----------------------------------------------------
 <http://www.wikidata.org/prop/direct/P8687> | "31360"^^<http://www.w3.org/2001/XMLSchema#decimal> | "31360"^^<http://www.w3.org/2001/XMLSchema#decimal>
(1 row)

/* SPARQL 17.4.4.3 - ceil */
SELECT p, o, sparql.round(o)
FROM rdbms
WHERE 
  p = sparql.iri('<http://www.wikidata.org/prop/direct/P8687>') AND
  sparql.ceil(o) = sparql.ceil(31359.5) AND
  sparql.ceil(o) > 10000 AND
  sparql.ceil(o) >= sparql.ceil(31359.5) AND
  sparql.ceil(o) < 99999.9 AND
  sparql.ceil(o) <= sparql.ceil(31359.5) AND
  sparql.ceil(o) = '"31360"^^xsd:decimal'::rdfnode AND
  sparql.ceil(o) > '"10000"^^xsd:decimal'::rdfnode AND
  sparql.ceil(o) >= '"31360"^^xsd:decimal'::rdfnode AND
  sparql.ceil(o) < '"99999"^^xsd:decimal'::rdfnode AND
  sparql.ceil(o) <= sparql.ceil('"31359.5"^^xsd:decimal'::rdfnode)  AND
  sparql.ceil(31359.5) = sparql.ceil(o) AND
  sparql.ceil('"31359.5"^^xsd:decimal'::rdfnode) = sparql.ceil(o);
INFO:  SPARQL query sent to 'wikidata':

SELECT ?p ?o 
{wd:Q192490 ?p ?o
 ## rdf_fdw pushdown conditions ##
 FILTER(?p = <http://www.wikidata.org/prop/direct/P8687>)
 FILTER(CEIL(?o) = "31360"^^<http://www.w3.org/2001/XMLSchema#decimal>)
 FILTER(CEIL(?o) > 10000)
 FILTER(CEIL(?o) >= "31360"^^<http://www.w3.org/2001/XMLSchema#decimal>)
 FILTER(CEIL(?o) < 99999.9)
 FILTER(CEIL(?o) <= "31360"^^<http://www.w3.org/2001/XMLSchema#decimal>)
 FILTER(CEIL(?o) = "31360"^^<http://www.w3.org/2001/XMLSchema#decimal>)
 FILTER(CEIL(?o) > "10000"^^<http://www.w3.org/2001/XMLSchema#decimal>)
 FILTER(CEIL(?o) >= "31360"^^<http://www.w3.org/2001/XMLSchema#decimal>)
 FILTER(CEIL(?o) < "99999"^^<http://www.w3.org/2001/XMLSchema#decimal>)
 FILTER(CEIL(?o) <= "31360"^^<http://www.w3.org/2001/XMLSchema#decimal>)
 FILTER("31360"^^<http://www.w3.org/2001/XMLSchema#decimal> = CEIL(?o))
 FILTER("31360"^^<http://www.w3.org/2001/XMLSchema#decimal> = CEIL(?o))
}

INFO:  SPARQL returned 1 record.

                      p                      |                          o                          |                        round                        
---------------------------------------------+-----------------------------------------------------+-----------------------------------------------------
 <http://www.wikidata.org/prop/direct/P8687> | "31360"^^<http://www.w3.org/2001/XMLSchema#decimal> | "31360"^^<http://www.w3.org/2001/XMLSchema#decimal>
(1 row)

/* SPARQL 17.4.4.4 - floor */
SELECT p, o, sparql.round(o)
FROM rdbms
WHERE 
  p = sparql.iri('<http://www.wikidata.org/prop/direct/P8687>') AND
  sparql.floor(o) = sparql.floor(31360.5) AND
  sparql.floor(o) > 10000 AND
  sparql.floor(o) >= sparql.floor(31360.5) AND
  sparql.floor(o) < 99999.9 AND
  sparql.floor(o) <= sparql.floor(31360.5) AND
  sparql.floor(o) = '"31360"^^xsd:decimal'::rdfnode AND
  sparql.floor(o) > '"10000"^^xsd:decimal'::rdfnode AND
  sparql.floor(o) >= '"31360"^^xsd:decimal'::rdfnode AND
  sparql.floor(o) < '"99999"^^xsd:decimal'::rdfnode AND
  sparql.floor(o) <= sparql.floor('"31360.5"^^xsd:decimal'::rdfnode)  AND
  sparql.floor(31360.5) = sparql.floor(o) AND
  sparql.floor('"31360.5"^^xsd:decimal'::rdfnode) = sparql.floor(o);
INFO:  SPARQL query sent to 'wikidata':

SELECT ?p ?o 
{wd:Q192490 ?p ?o
 ## rdf_fdw pushdown conditions ##
 FILTER(?p = <http://www.wikidata.org/prop/direct/P8687>)
 FILTER(FLOOR(?o) = "31360"^^<http://www.w3.org/2001/XMLSchema#decimal>)
 FILTER(FLOOR(?o) > 10000)
 FILTER(FLOOR(?o) >= "31360"^^<http://www.w3.org/2001/XMLSchema#decimal>)
 FILTER(FLOOR(?o) < 99999.9)
 FILTER(FLOOR(?o) <= "31360"^^<http://www.w3.org/2001/XMLSchema#decimal>)
 FILTER(FLOOR(?o) = "31360"^^<http://www.w3.org/2001/XMLSchema#decimal>)
 FILTER(FLOOR(?o) > "10000"^^<http://www.w3.org/2001/XMLSchema#decimal>)
 FILTER(FLOOR(?o) >= "31360"^^<http://www.w3.org/2001/XMLSchema#decimal>)
 FILTER(FLOOR(?o) < "99999"^^<http://www.w3.org/2001/XMLSchema#decimal>)
 FILTER(FLOOR(?o) <= "31360"^^<http://www.w3.org/2001/XMLSchema#decimal>)
 FILTER("31360"^^<http://www.w3.org/2001/XMLSchema#decimal> = FLOOR(?o))
 FILTER("31360"^^<http://www.w3.org/2001/XMLSchema#decimal> = FLOOR(?o))
}

INFO:  SPARQL returned 1 record.

                      p                      |                          o                          |                        round                        
---------------------------------------------+-----------------------------------------------------+-----------------------------------------------------
 <http://www.wikidata.org/prop/direct/P8687> | "31360"^^<http://www.w3.org/2001/XMLSchema#decimal> | "31360"^^<http://www.w3.org/2001/XMLSchema#decimal>
(1 row)

/* SPARQL 17.4.4.5 - RAND */
SELECT setseed(0.42);
 setseed 
---------
 
(1 row)

SELECT 
  sparql.lex(sparql.rand())::numeric BETWEEN 0.0 AND 1.0, 
  sparql.datatype(sparql.rand()) = '<http://www.w3.org/2001/XMLSchema#double>';
 ?column? | ?column? 
----------+----------
 t        | t
(1 row)

/* SPARQL 17.4.5.2 - year*/
SELECT p, o, sparql.year(o)
FROM rdbms
WHERE 
  p = sparql.iri('http://www.wikidata.org/prop/direct/P571') AND
  sparql.year(o) = 1996 AND
  sparql.year(o) > 1990 AND
  sparql.year(o) < 2000 AND
  sparql.year(o) >= 1996 AND
  sparql.year(o) <= 1996 AND
  sparql.year(o) = sparql.year('"1996-01-01T00:00:00Z"^^xsd:dateTime') AND
  sparql.year(o) > sparql.year('"1990-01-12T20:00:00"^^xsd:dateTime') AND
  sparql.year(o) < sparql.year('"2000-01-12T20:00:00"^^xsd:dateTime') AND
  sparql.year(o) >= sparql.year('"1996-01-01T00:00:00Z"^^xsd:dateTime') AND
  sparql.year(o) <= sparql.year('"1996-01-01T00:00:00Z"^^xsd:dateTime');
INFO:  SPARQL query sent to 'wikidata':

SELECT ?p ?o 
{wd:Q192490 ?p ?o
 ## rdf_fdw pushdown conditions ##
 FILTER(?p = <http://www.wikidata.org/prop/direct/P571>)
 FILTER(YEAR(?o) > 1990)
 FILTER(YEAR(?o) < 2000)
 FILTER(YEAR(?o) >= 1996)
 FILTER(YEAR(?o) <= 1996)
 FILTER(YEAR(?o) > YEAR("1990-01-12T20:00:00"^^<http://www.w3.org/2001/XMLSchema#dateTime>))
 FILTER(YEAR(?o) < YEAR("2000-01-12T20:00:00"^^<http://www.w3.org/2001/XMLSchema#dateTime>))
 FILTER(YEAR(?o) >= YEAR("1996-01-01T00:00:00Z"^^<http://www.w3.org/2001/XMLSchema#dateTime>))
 FILTER(YEAR(?o) <= YEAR("1996-01-01T00:00:00Z"^^<http://www.w3.org/2001/XMLSchema#dateTime>))
 FILTER(YEAR(?o) = 1996)
 FILTER(YEAR("1996-01-01T00:00:00Z"^^<http://www.w3.org/2001/XMLSchema#dateTime>) = 1996)
}

INFO:  SPARQL returned 1 record.

                     p                      |                                  o                                  | year 
--------------------------------------------+---------------------------------------------------------------------+------
 <http://www.wikidata.org/prop/direct/P571> | "1996-01-01T00:00:00Z"^^<http://www.w3.org/2001/XMLSchema#dateTime> | 1996
(1 row)

/* SPARQL 17.4.5.3 - month */
SELECT p, o, sparql.month(o)
FROM rdbms
WHERE 
  p = sparql.iri('<http://www.wikidata.org/prop/direct/P577>') AND
  sparql.month(o) = 07 AND
  sparql.month(o) > 01 AND
  sparql.month(o) < 12 AND
  sparql.month(o) >= 07 AND
  sparql.month(o) <= 07 AND
  sparql.month(o) = sparql.month('"1996-07-08T00:00:00Z"^^xsd:dateTime') AND
  sparql.month(o) > sparql.month('"1999-01-12T20:00:00"^^xsd:dateTime') AND
  sparql.month(o) < sparql.month('"2000-12-12T20:00:00"^^xsd:dateTime') AND
  sparql.month(o) >= sparql.month('"1996-07-08T00:00:00Z"^^xsd:dateTime') AND
  sparql.month(o) <= sparql.month('"1996-07-08T00:00:00Z"^^xsd:dateTime');
INFO:  SPARQL query sent to 'wikidata':

SELECT ?p ?o 
{wd:Q192490 ?p ?o
 ## rdf_fdw pushdown conditions ##
 FILTER(?p = <http://www.wikidata.org/prop/direct/P577>)
 FILTER(MONTH(?o) > 1)
 FILTER(MONTH(?o) < 12)
 FILTER(MONTH(?o) >= 7)
 FILTER(MONTH(?o) <= 7)
 FILTER(MONTH(?o) > MONTH("1999-01-12T20:00:00"^^<http://www.w3.org/2001/XMLSchema#dateTime>))
 FILTER(MONTH(?o) < MONTH("2000-12-12T20:00:00"^^<http://www.w3.org/2001/XMLSchema#dateTime>))
 FILTER(MONTH(?o) >= MONTH("1996-07-08T00:00:00Z"^^<http://www.w3.org/2001/XMLSchema#dateTime>))
 FILTER(MONTH(?o) <= MONTH("1996-07-08T00:00:00Z"^^<http://www.w3.org/2001/XMLSchema#dateTime>))
 FILTER(MONTH(?o) = 7)
 FILTER(MONTH("1996-07-08T00:00:00Z"^^<http://www.w3.org/2001/XMLSchema#dateTime>) = 7)
}

INFO:  SPARQL returned 1 record.

                     p                      |                                  o                                  | month 
--------------------------------------------+---------------------------------------------------------------------+-------
 <http://www.wikidata.org/prop/direct/P577> | "1996-07-08T00:00:00Z"^^<http://www.w3.org/2001/XMLSchema#dateTime> |     7
(1 row)

/* SPARQL 17.4.5.4 - day */
SELECT p, o, sparql.day(o)
FROM rdbms
WHERE 
  p = sparql.iri('<http://www.wikidata.org/prop/direct/P577>') AND
  sparql.day(o) = 08 AND
  sparql.day(o) > 01 AND
  sparql.day(o) < 30 AND
  sparql.day(o) >= 08 AND
  sparql.day(o) <= 08 AND
  sparql.day(o) = sparql.day('"1996-07-08T00:00:00Z"^^xsd:dateTime') AND
  sparql.day(o) > sparql.day('"1999-01-01T20:00:00"^^xsd:dateTime') AND
  sparql.day(o) < sparql.day('"2000-12-30T20:00:00"^^xsd:dateTime') AND
  sparql.day(o) >= sparql.day('"1996-07-08T00:00:00Z"^^xsd:dateTime') AND
  sparql.day(o) <= sparql.day('"1996-07-08T00:00:00Z"^^xsd:dateTime');
INFO:  SPARQL query sent to 'wikidata':

SELECT ?p ?o 
{wd:Q192490 ?p ?o
 ## rdf_fdw pushdown conditions ##
 FILTER(?p = <http://www.wikidata.org/prop/direct/P577>)
 FILTER(DAY(?o) > 1)
 FILTER(DAY(?o) < 30)
 FILTER(DAY(?o) >= 8)
 FILTER(DAY(?o) <= 8)
 FILTER(DAY(?o) > DAY("1999-01-01T20:00:00"^^<http://www.w3.org/2001/XMLSchema#dateTime>))
 FILTER(DAY(?o) < DAY("2000-12-30T20:00:00"^^<http://www.w3.org/2001/XMLSchema#dateTime>))
 FILTER(DAY(?o) >= DAY("1996-07-08T00:00:00Z"^^<http://www.w3.org/2001/XMLSchema#dateTime>))
 FILTER(DAY(?o) <= DAY("1996-07-08T00:00:00Z"^^<http://www.w3.org/2001/XMLSchema#dateTime>))
 FILTER(DAY(?o) = 8)
 FILTER(DAY("1996-07-08T00:00:00Z"^^<http://www.w3.org/2001/XMLSchema#dateTime>) = 8)
}

INFO:  SPARQL returned 1 record.

                     p                      |                                  o                                  | day 
--------------------------------------------+---------------------------------------------------------------------+-----
 <http://www.wikidata.org/prop/direct/P577> | "1996-07-08T00:00:00Z"^^<http://www.w3.org/2001/XMLSchema#dateTime> |   8
(1 row)

/* SPARQL 7.4.5.5 - hours */
SELECT p, o, sparql.hours(o)
FROM rdbms
WHERE 
  p = sparql.iri('<http://www.wikidata.org/prop/direct/P577>') AND
  sparql.hours(o) = 0 AND
  sparql.hours(o) > -1 AND
  sparql.hours(o) < 23 AND
  sparql.hours(o) >= 0 AND
  sparql.hours(o) <= 0 AND
  sparql.hours(o) = sparql.hours('"1996-07-08T00:00:00Z"^^xsd:dateTime') AND
  --sparql.hours(o) > sparql.hours('"1999-01-01T20:00:00"^^xsd:dateTime') AND
  sparql.hours(o) < sparql.hours('"2000-12-30T23:00:00"^^xsd:dateTime') AND
  sparql.hours(o) >= sparql.hours('"1996-07-08T00:00:00Z"^^xsd:dateTime') AND
  sparql.hours(o) <= sparql.hours('"1996-07-08T00:00:00Z"^^xsd:dateTime');
INFO:  SPARQL query sent to 'wikidata':

SELECT ?p ?o 
{wd:Q192490 ?p ?o
 ## rdf_fdw pushdown conditions ##
 FILTER(?p = <http://www.wikidata.org/prop/direct/P577>)
 FILTER(HOURS(?o) > -1)
 FILTER(HOURS(?o) < 23)
 FILTER(HOURS(?o) >= 0)
 FILTER(HOURS(?o) <= 0)
 FILTER(HOURS(?o) < HOURS("2000-12-30T23:00:00"^^<http://www.w3.org/2001/XMLSchema#dateTime>))
 FILTER(HOURS(?o) >= HOURS("1996-07-08T00:00:00Z"^^<http://www.w3.org/2001/XMLSchema#dateTime>))
 FILTER(HOURS(?o) <= HOURS("1996-07-08T00:00:00Z"^^<http://www.w3.org/2001/XMLSchema#dateTime>))
 FILTER(HOURS(?o) = 0)
 FILTER(HOURS("1996-07-08T00:00:00Z"^^<http://www.w3.org/2001/XMLSchema#dateTime>) = 0)
}

INFO:  SPARQL returned 1 record.

                     p                      |                                  o                                  | hours 
--------------------------------------------+---------------------------------------------------------------------+-------
 <http://www.wikidata.org/prop/direct/P577> | "1996-07-08T00:00:00Z"^^<http://www.w3.org/2001/XMLSchema#dateTime> |     0
(1 row)

/* SPARQL 17.4.5.6 - minutes */
SELECT p, o, sparql.minutes(o)
FROM rdbms
WHERE 
  p = sparql.iri('<http://www.wikidata.org/prop/direct/P577>') AND
  sparql.minutes(o) = 0 AND
  sparql.minutes(o) > -1 AND
  sparql.minutes(o) < 59 AND
  sparql.minutes(o) >= 0 AND
  sparql.minutes(o) <= 0 AND
  sparql.minutes(o) = sparql.minutes('"1996-07-08T00:00:00Z"^^xsd:dateTime') AND
  --sparql.minutes(o) > sparql.minutes('"1999-01-01T20:00:00"^^xsd:dateTime') AND
  sparql.minutes(o) < sparql.minutes('"2000-12-30T23:59:59"^^xsd:dateTime') AND
  sparql.minutes(o) >= sparql.minutes('"1996-07-08T00:00:00Z"^^xsd:dateTime') AND
  sparql.minutes(o) <= sparql.minutes('"1996-07-08T00:00:00Z"^^xsd:dateTime');
INFO:  SPARQL query sent to 'wikidata':

SELECT ?p ?o 
{wd:Q192490 ?p ?o
 ## rdf_fdw pushdown conditions ##
 FILTER(?p = <http://www.wikidata.org/prop/direct/P577>)
 FILTER(MINUTES(?o) > -1)
 FILTER(MINUTES(?o) < 59)
 FILTER(MINUTES(?o) >= 0)
 FILTER(MINUTES(?o) <= 0)
 FILTER(MINUTES(?o) < MINUTES("2000-12-30T23:59:59"^^<http://www.w3.org/2001/XMLSchema#dateTime>))
 FILTER(MINUTES(?o) >= MINUTES("1996-07-08T00:00:00Z"^^<http://www.w3.org/2001/XMLSchema#dateTime>))
 FILTER(MINUTES(?o) <= MINUTES("1996-07-08T00:00:00Z"^^<http://www.w3.org/2001/XMLSchema#dateTime>))
 FILTER(MINUTES(?o) = 0)
 FILTER(MINUTES("1996-07-08T00:00:00Z"^^<http://www.w3.org/2001/XMLSchema#dateTime>) = 0)
}

INFO:  SPARQL returned 1 record.

                     p                      |                                  o                                  | minutes 
--------------------------------------------+---------------------------------------------------------------------+---------
 <http://www.wikidata.org/prop/direct/P577> | "1996-07-08T00:00:00Z"^^<http://www.w3.org/2001/XMLSchema#dateTime> |       0
(1 row)

/* SPARQL 17.4.5.7 - seconds */
SELECT p, o, sparql.ceil(sparql.seconds(o))
FROM rdbms
WHERE 
  p = sparql.iri('<http://www.wikidata.org/prop/direct/P577>') AND
  sparql.seconds(o) = 0 AND
  sparql.seconds(o) > -1 AND
  sparql.seconds(o) < 59 AND
  sparql.seconds(o) >= 0 AND
  sparql.seconds(o) <= 0 AND
  sparql.seconds(o) = sparql.seconds('"1996-07-08T00:00:00Z"^^xsd:dateTime') AND
  --sparql.seconds(o) > sparql.seconds('"1999-01-01T20:00:00"^^xsd:dateTime') AND
  sparql.seconds(o) < sparql.seconds('"2000-12-30T23:59:59"^^xsd:dateTime') AND
  sparql.seconds(o) >= sparql.seconds('"1996-07-08T00:00:00Z"^^xsd:dateTime') AND
  sparql.seconds(o) <= sparql.seconds('"1996-07-08T00:00:00Z"^^xsd:dateTime');
INFO:  SPARQL query sent to 'wikidata':

SELECT ?p ?o 
{wd:Q192490 ?p ?o
 ## rdf_fdw pushdown conditions ##
 FILTER(?p = <http://www.wikidata.org/prop/direct/P577>)
 FILTER(SECONDS(?o) > -1)
 FILTER(SECONDS(?o) < 59)
 FILTER(SECONDS(?o) >= 0)
 FILTER(SECONDS(?o) <= 0)
 FILTER(SECONDS(?o) < SECONDS("2000-12-30T23:59:59"^^<http://www.w3.org/2001/XMLSchema#dateTime>))
 FILTER(SECONDS(?o) >= SECONDS("1996-07-08T00:00:00Z"^^<http://www.w3.org/2001/XMLSchema#dateTime>))
 FILTER(SECONDS(?o) <= SECONDS("1996-07-08T00:00:00Z"^^<http://www.w3.org/2001/XMLSchema#dateTime>))
 FILTER(SECONDS(?o) = 0)
 FILTER(SECONDS("1996-07-08T00:00:00Z"^^<http://www.w3.org/2001/XMLSchema#dateTime>) = 0)
}

INFO:  SPARQL returned 1 record.

                     p                      |                                  o                                  |                      ceil                       
--------------------------------------------+---------------------------------------------------------------------+-------------------------------------------------
 <http://www.wikidata.org/prop/direct/P577> | "1996-07-08T00:00:00Z"^^<http://www.w3.org/2001/XMLSchema#dateTime> | "0"^^<http://www.w3.org/2001/XMLSchema#decimal>
(1 row)

/* SPARQL 17.4.5.8 - timezone */
SELECT sparql.timezone('"2011-01-10T14:45:13.815-05:00"^^xsd:dateTime');
                          timezone                           
-------------------------------------------------------------
 "-PT5H"^^<http://www.w3.org/2001/XMLSchema#dayTimeDuration>
(1 row)

/* SPARQL 7.4.5.9 - tz */
SELECT sparql.tz('"2011-01-10T14:45:13.815-05:00"^^xsd:dateTime');
    tz    
----------
 "-05:00"
(1 row)

/* SPARQL 17.4.6.1 - MD5 */
SELECT p, o, sparql.md5(o)
FROM rdbms
WHERE 
  p = sparql.iri('http://www.w3.org/2000/01/rdf-schema#label') AND
  sparql.langmatches(sparql.lang(o),'en') AND
  sparql.md5(o) = sparql.md5('"PostgreSQL"@en');
INFO:  SPARQL query sent to 'wikidata':

SELECT ?p ?o 
{wd:Q192490 ?p ?o
 ## rdf_fdw pushdown conditions ##
 FILTER(?p = <http://www.w3.org/2000/01/rdf-schema#label>)
 FILTER(LANGMATCHES(LANG(?o), "en"))
 FILTER(MD5(?o) = MD5("PostgreSQL"@en))
}

INFO:  SPARQL returned 1 record.

                      p                       |        o        |                md5                 
----------------------------------------------+-----------------+------------------------------------
 <http://www.w3.org/2000/01/rdf-schema#label> | "PostgreSQL"@en | "399bd1ee587245ecac6f39beaa99886f"
(1 row)

DROP SERVER wikidata CASCADE;
NOTICE:  drop cascades to 2 other objects
DETAIL:  drop cascades to foreign table rdbms
drop cascades to foreign table rdbms2
