CREATE SERVER wikidata
FOREIGN DATA WRAPPER rdf_fdw 
OPTIONS (
  endpoint 'https://query.wikidata.org/sparql');
CREATE FOREIGN TABLE atms_munich (
atmid text     OPTIONS (variable '?atm'),
atmwkt text    OPTIONS (variable '?geometry'),
bankid text    OPTIONS (variable '?bank'),
bankname text  OPTIONS (variable '?bankLabel')
)
SERVER wikidata OPTIONS (
  log_sparql 'true',
  sparql '
  PREFIX lgdo: <http://linkedgeodata.org/ontology/>
  PREFIX geom: <http://geovocab.org/geometry#>
  PREFIX bif: <bif:>
  
  SELECT ?atm ?geometry ?bank ?bankLabel 
  WHERE {
    hint:Query hint:optimizer "None".
    SERVICE <http://linkedgeodata.org/sparql> 
    {
      {?atm a lgdo:Bank; lgdo:atm true.}
      UNION 
      {?atm a lgdo:Atm.}    
      ?atm geom:geometry [geo:asWKT ?geometry];
         lgdo:operator ?operator.
      FILTER(bif:st_intersects(?geometry, bif:st_point(11.5746898, 48.1479876), 5)) # 5 km around Munich
    }
  BIND(STRLANG(?operator, "de") as ?bankLabel) 
  ?bank rdfs:label ?bankLabel.
  { ?bank wdt:P527 wd:Q806724. }
  UNION { ?bank wdt:P1454 wd:Q5349747. }
  MINUS { wd:Q806724 wdt:P3113 ?bank. }
}
'); 
SELECT atmid, bankname, atmwkt
FROM atms_munich
WHERE bankname = 'BBBank';
NOTICE:  SPARQL query sent to 'https://query.wikidata.org/sparql':


  PREFIX lgdo: <http://linkedgeodata.org/ontology/>
  PREFIX geom: <http://geovocab.org/geometry#>
  PREFIX bif: <bif:>
  
  SELECT ?atm ?geometry ?bank ?bankLabel 
  WHERE {
    hint:Query hint:optimizer "None".
    SERVICE <http://linkedgeodata.org/sparql> 
    {
      {?atm a lgdo:Bank; lgdo:atm true.}
      UNION 
      {?atm a lgdo:Atm.}    
      ?atm geom:geometry [geo:asWKT ?geometry];
         lgdo:operator ?operator.
      FILTER(bif:st_intersects(?geometry, bif:st_point(11.5746898, 48.1479876), 5)) # 5 km around Munich
    }
  BIND(STRLANG(?operator, "de") as ?bankLabel) 
  ?bank rdfs:label ?bankLabel.
  { ?bank wdt:P527 wd:Q806724. }
  UNION { ?bank wdt:P1454 wd:Q5349747. }
  MINUS { wd:Q806724 wdt:P3113 ?bank. }
}


                      atmid                      | bankname |            atmwkt            
-------------------------------------------------+----------+------------------------------
 http://linkedgeodata.org/triplify/node418977189 | BBBank   | POINT(11.5558547 48.1592738)
(1 row)

CREATE FOREIGN TABLE places_below_sea_level (
  wikidata_id text   OPTIONS (variable '?place'),
  label text         OPTIONS (variable '?labelc', expression 'UCASE(?label)'),
  wkt text           OPTIONS (variable '?location'),
  elevation numeric  OPTIONS (variable '?elev')
)
SERVER wikidata OPTIONS (
  log_sparql 'true',
  sparql '
  SELECT *
  WHERE
  {
    ?place rdfs:label ?label .
    ?place p:P2044/psv:P2044 ?placeElev.
    ?placeElev wikibase:quantityAmount ?elev.
    ?placeElev wikibase:quantityUnit ?unit.
    bind(0.01 as ?km).
    FILTER( (?elev < ?km*1000 && ?unit = wd:Q11573)
        || (?elev < ?km*3281 && ?unit = wd:Q3710)
        || (?elev < ?km      && ?unit = wd:Q828224) ).
    ?place wdt:P625 ?location.    
    FILTER(LANG(?label)="en")
    SERVICE wikibase:label { bd:serviceParam wikibase:language "[AUTO_LANGUAGE],en" }
}
'); 
SELECT wikidata_id, label, wkt
FROM places_below_sea_level
WHERE wikidata_id = 'http://www.wikidata.org/entity/Q61308849'
FETCH FIRST 5 ROWS ONLY;
NOTICE:  SPARQL query sent to 'https://query.wikidata.org/sparql':


SELECT ?place (UCASE(?label) AS ?labelc) ?location 
{
    ?place rdfs:label ?label .
    ?place p:P2044/psv:P2044 ?placeElev.
    ?placeElev wikibase:quantityAmount ?elev.
    ?placeElev wikibase:quantityUnit ?unit.
    bind(0.01 as ?km).
    FILTER( (?elev < ?km*1000 && ?unit = wd:Q11573)
        || (?elev < ?km*3281 && ?unit = wd:Q3710)
        || (?elev < ?km      && ?unit = wd:Q828224) ).
    ?place wdt:P625 ?location.    
    FILTER(LANG(?label)="en")
    SERVICE wikibase:label { bd:serviceParam wikibase:language "[AUTO_LANGUAGE],en" }
 FILTER(STR(?place) = "http://www.wikidata.org/entity/Q61308849")
}
LIMIT 5

               wikidata_id                |     label     |         wkt          
------------------------------------------+---------------+----------------------
 http://www.wikidata.org/entity/Q61308849 | TUKTOYAKTUK A | Point(-133.03 69.43)
(1 row)

/*
 * Expression pushdown tests with LCASE, UCASE, STRLEN, STRBEFORE, 
 * STRAFTER, CONCAT and LANG
 */
CREATE FOREIGN TABLE european_countries (
  uri text       OPTIONS (variable '?country'),
  label text     OPTIONS (variable '?countryLabel'),
  len_label int  OPTIONS (variable '?len', expression 'STRLEN(?nativename)'),
  uname text     OPTIONS (variable '?ucase_nativename', expression 'UCASE(?nativename)'),
  lname text     OPTIONS (variable '?lcase_nativename', expression 'LCASE(?nativename)'),
  language text  OPTIONS (variable '?language', expression 'LANG(?nativename)'),
  base_url text  OPTIONS (variable '?base', expression 'STRBEFORE(STR(?country),"Q")'),
  qid text       OPTIONS (variable '?qid', expression 'STRAFTER(STR(?country),"entity/")'),
  ctlang text    OPTIONS (variable '?ct', expression 'CONCAT(STR(?country),UCASE(?nativename))'),
  dt date        OPTIONS (variable '?dt', expression '"2002-03-08"^^xsd:date'),
  ts timestamp   OPTIONS (variable '?ts', expression '"2002-03-08T14:33:42"^^xsd:dateTime')
)
SERVER wikidata OPTIONS (
  log_sparql 'true',
  sparql '
  SELECT *
  {
    wd:Q458 wdt:P150 ?country.   
    OPTIONAL { ?country wdt:P1705 ?nativename }
    SERVICE wikibase:label { bd:serviceParam wikibase:language "en". }
  }
'); 
SELECT uri, label, language 
FROM european_countries
WHERE 
  language = 'de' AND 
  language <> 'en' AND
  language IN ('de', 'en') AND
  language NOT IN ('es','pt') AND 
 
  len_label <= 10 AND
  len_label IN (8,9) AND
  len_label NOT IN (10,11) AND
  dt NOT IN ('2000-01-01','2000-01-02') AND
  dt IN ('2002-03-08','2000-01-02') AND
  dt = '2002-03-08' AND
  dt != '2002-03-10' AND
  ts NOT IN ('2002-03-08 12:00:00', '2002-03-08 13:00:00') AND
  ts IN ('2002-03-08T14:33:42', '2002-03-08 13:00:00') AND
  ts = '2002-03-08 14:33:42' AND
  ts <> '2002-03-08 11:30:00' AND
  qid IN ('Q32','Q35') AND
  qid NOT IN ('foo','bar') AND
  base_url = 'http://www.wikidata.org/entity/' AND
  ctlang = 'http://www.wikidata.org/entity/Q32LUXEMBURG'
ORDER by language;
NOTICE:  SPARQL query sent to 'https://query.wikidata.org/sparql':


SELECT ?country ?countryLabel (STRLEN(?nativename) AS ?len) (LANG(?nativename) AS ?language) (STRBEFORE(STR(?country),"Q") AS ?base) (STRAFTER(STR(?country),"entity/") AS ?qid) (CONCAT(STR(?country),UCASE(?nativename)) AS ?ct) ("2002-03-08"^^xsd:date AS ?dt) ("2002-03-08T14:33:42"^^xsd:dateTime AS ?ts) 
{
    wd:Q458 wdt:P150 ?country.   
    OPTIONAL { ?country wdt:P1705 ?nativename }
    SERVICE wikibase:label { bd:serviceParam wikibase:language "en". }
   FILTER(LANG(?nativename) != "en")
 FILTER(LANG(?nativename) IN ("de", "en"))
 FILTER(LANG(?nativename) NOT IN ("es", "pt"))
 FILTER(STRLEN(?nativename) <= 10)
 FILTER(STRLEN(?nativename) IN (8, 9))
 FILTER(STRLEN(?nativename) NOT IN (10, 11))
 FILTER("2002-03-08"^^xsd:date NOT IN ("2000-01-01"^^xsd:date, "2000-01-02"^^xsd:date))
 FILTER("2002-03-08"^^xsd:date IN ("2002-03-08"^^xsd:date, "2000-01-02"^^xsd:date))
 FILTER("2002-03-08"^^xsd:date != "2002-03-10"^^xsd:date)
 FILTER("2002-03-08T14:33:42"^^xsd:dateTime NOT IN ("2002-03-08T12:00:00.000000"^^xsd:dateTime, "2002-03-08T13:00:00.000000"^^xsd:dateTime))
 FILTER("2002-03-08T14:33:42"^^xsd:dateTime IN ("2002-03-08T14:33:42.000000"^^xsd:dateTime, "2002-03-08T13:00:00.000000"^^xsd:dateTime))
 FILTER("2002-03-08T14:33:42"^^xsd:dateTime != "2002-03-08T11:30:00.000000"^^xsd:dateTime)
 FILTER(STRAFTER(STR(?country),"entity/") IN ("Q32", "Q35"))
 FILTER(STRAFTER(STR(?country),"entity/") NOT IN ("foo", "bar"))
 FILTER(LANG(?nativename) = "de")
 FILTER("2002-03-08"^^xsd:date = "2002-03-08"^^xsd:date)
 FILTER("2002-03-08T14:33:42"^^xsd:dateTime = "2002-03-08T14:33:42.000000"^^xsd:dateTime)
 FILTER(STRBEFORE(STR(?country),"Q") = "http://www.wikidata.org/entity/")
 FILTER(CONCAT(STR(?country),UCASE(?nativename)) = "http://www.wikidata.org/entity/Q32LUXEMBURG")
}

                uri                 |   label    | language 
------------------------------------+------------+----------
 http://www.wikidata.org/entity/Q32 | Luxembourg | de
(1 row)

